This is pdfTeX, Version 3.14159265-2.6-1.40.16 (MiKTeX 2.9 64-bit) (preloaded format=pdflatex 2015.9.6)  30 NOV 2015 19:52
entering extended mode
**Dokumentation.tex
(Dokumentation.tex
LaTeX2e <2015/01/01> patch level 2
Babel <3.9m> and hyphenation patterns for 69 languages loaded.
("C:\Program Files\MiKTeX 2.9\tex\latex\koma-script\scrartcl.cls"
Document Class: scrartcl 2015/07/02 v3.18 KOMA-Script document class (article)
("C:\Program Files\MiKTeX 2.9\tex\latex\koma-script\scrkbase.sty"
Package: scrkbase 2015/07/02 v3.18 KOMA-Script package (KOMA-Script-dependent b
asics and keyval usage)

("C:\Program Files\MiKTeX 2.9\tex\latex\koma-script\scrbase.sty"
Package: scrbase 2015/07/02 v3.18 KOMA-Script package (KOMA-Script-independent 
basics and keyval usage)

("C:\Program Files\MiKTeX 2.9\tex\latex\graphics\keyval.sty"
Package: keyval 2014/10/28 v1.15 key=value parser (DPC)
\KV@toks@=\toks14
)
("C:\Program Files\MiKTeX 2.9\tex\latex\koma-script\scrlfile.sty"
Package: scrlfile 2015/07/02 v3.18 KOMA-Script package (loading files)

Package scrlfile, 2015/07/02 v3.18 KOMA-Script package (loading files)
                  Copyright (C) Markus Kohm

))) ("C:\Program Files\MiKTeX 2.9\tex\latex\koma-script\tocbasic.sty"
Package: tocbasic 2015/07/02 v3.18 KOMA-Script package (handling toc-files)
)
Package tocbasic Info: omitting babel extension for `toc'
(tocbasic)             because of feature `nobabel' available
(tocbasic)             for `toc' on input line 123.
Package tocbasic Info: omitting babel extension for `lof'
(tocbasic)             because of feature `nobabel' available
(tocbasic)             for `lof' on input line 124.
Package tocbasic Info: omitting babel extension for `lot'
(tocbasic)             because of feature `nobabel' available
(tocbasic)             for `lot' on input line 125.
Package scrartcl Info: You've used standard option `10pt'.
(scrartcl)             This is correct!
(scrartcl)             Internally I'm using `fontsize=10pt'.
(scrartcl)             If you'd like to set the option with \KOMAoptions,
(scrartcl)             you'd have to use `fontsize=10pt' there
(scrartcl)             instead of `10pt', too.
Class scrartcl Info: File `scrsize10pt.clo' used to setup font sizes on input l
ine 2027.

("C:\Program Files\MiKTeX 2.9\tex\latex\koma-script\scrsize10pt.clo"
File: scrsize10pt.clo 2015/07/02 v3.18 KOMA-Script font size class option (10pt
)
)
("C:\Program Files\MiKTeX 2.9\tex\latex\koma-script\typearea.sty"
Package: typearea 2015/07/02 v3.18 KOMA-Script package (type area)

Package typearea, 2015/07/02 v3.18 KOMA-Script package (type area)
                  Copyright (C) Frank Neukam, 1992-1994
                  Copyright (C) Markus Kohm, 1994-

\ta@bcor=\skip41
\ta@div=\count79
Package typearea Info: You've used standard option `a4paper'.
(typearea)             This is correct!
(typearea)             Internally I'm using `paper=a4'.
(typearea)             If you'd like to set the option with \KOMAoptions,
(typearea)             you'd have to use `paper=a4' there
(typearea)             instead of `a4paper', too.
\ta@hblk=\skip42
\ta@vblk=\skip43
\ta@temp=\skip44
\footheight=\skip45
Package typearea Info: These are the values describing the layout:
(typearea)             DIV  = 8
(typearea)             BCOR = 0.0pt
(typearea)             \paperwidth      = 597.50793pt
(typearea)              \textwidth      = 373.44246pt
(typearea)              DIV departure   = -4%
(typearea)              \evensidemargin = 39.76274pt
(typearea)              \oddsidemargin  = 39.76274pt
(typearea)             \paperheight     = 845.04694pt
(typearea)              \textheight     = 538.0pt
(typearea)              \topmargin      = 0.36087pt
(typearea)              \headheight     = 15.0pt
(typearea)              \headsep        = 18.0pt
(typearea)              \topskip        = 10.0pt
(typearea)              \footskip       = 42.0pt
(typearea)              \baselineskip   = 12.0pt
(typearea)              on input line 1506.
)
\c@part=\count80
\c@section=\count81
\c@subsection=\count82
\c@subsubsection=\count83
\c@paragraph=\count84
\c@subparagraph=\count85
LaTeX Info: Redefining \textsubscript on input line 3836.
\abovecaptionskip=\skip46
\belowcaptionskip=\skip47
\c@pti@nb@sid@b@x=\box26
\c@figure=\count86
\c@table=\count87
\bibindent=\dimen102
) ("C:\Program Files\MiKTeX 2.9\tex\latex\base\inputenc.sty"
Package: inputenc 2015/03/17 v1.2c Input encoding file
\inpenc@prehook=\toks15
\inpenc@posthook=\toks16

("C:\Program Files\MiKTeX 2.9\tex\latex\base\utf8.def"
File: utf8.def 2015/06/27 v1.1n UTF-8 support for inputenc
Now handling font encoding OML ...
... no UTF-8 mapping file for font encoding OML
Now handling font encoding T1 ...
... processing UTF-8 mapping file for font encoding T1

("C:\Program Files\MiKTeX 2.9\tex\latex\base\t1enc.dfu"
File: t1enc.dfu 2015/06/27 v1.1n UTF-8 support for inputenc
   defining Unicode char U+00A1 (decimal 161)
   defining Unicode char U+00A3 (decimal 163)
   defining Unicode char U+00AB (decimal 171)
   defining Unicode char U+00BB (decimal 187)
   defining Unicode char U+00BF (decimal 191)
   defining Unicode char U+00C0 (decimal 192)
   defining Unicode char U+00C1 (decimal 193)
   defining Unicode char U+00C2 (decimal 194)
   defining Unicode char U+00C3 (decimal 195)
   defining Unicode char U+00C4 (decimal 196)
   defining Unicode char U+00C5 (decimal 197)
   defining Unicode char U+00C6 (decimal 198)
   defining Unicode char U+00C7 (decimal 199)
   defining Unicode char U+00C8 (decimal 200)
   defining Unicode char U+00C9 (decimal 201)
   defining Unicode char U+00CA (decimal 202)
   defining Unicode char U+00CB (decimal 203)
   defining Unicode char U+00CC (decimal 204)
   defining Unicode char U+00CD (decimal 205)
   defining Unicode char U+00CE (decimal 206)
   defining Unicode char U+00CF (decimal 207)
   defining Unicode char U+00D0 (decimal 208)
   defining Unicode char U+00D1 (decimal 209)
   defining Unicode char U+00D2 (decimal 210)
   defining Unicode char U+00D3 (decimal 211)
   defining Unicode char U+00D4 (decimal 212)
   defining Unicode char U+00D5 (decimal 213)
   defining Unicode char U+00D6 (decimal 214)
   defining Unicode char U+00D8 (decimal 216)
   defining Unicode char U+00D9 (decimal 217)
   defining Unicode char U+00DA (decimal 218)
   defining Unicode char U+00DB (decimal 219)
   defining Unicode char U+00DC (decimal 220)
   defining Unicode char U+00DD (decimal 221)
   defining Unicode char U+00DE (decimal 222)
   defining Unicode char U+00DF (decimal 223)
   defining Unicode char U+00E0 (decimal 224)
   defining Unicode char U+00E1 (decimal 225)
   defining Unicode char U+00E2 (decimal 226)
   defining Unicode char U+00E3 (decimal 227)
   defining Unicode char U+00E4 (decimal 228)
   defining Unicode char U+00E5 (decimal 229)
   defining Unicode char U+00E6 (decimal 230)
   defining Unicode char U+00E7 (decimal 231)
   defining Unicode char U+00E8 (decimal 232)
   defining Unicode char U+00E9 (decimal 233)
   defining Unicode char U+00EA (decimal 234)
   defining Unicode char U+00EB (decimal 235)
   defining Unicode char U+00EC (decimal 236)
   defining Unicode char U+00ED (decimal 237)
   defining Unicode char U+00EE (decimal 238)
   defining Unicode char U+00EF (decimal 239)
   defining Unicode char U+00F0 (decimal 240)
   defining Unicode char U+00F1 (decimal 241)
   defining Unicode char U+00F2 (decimal 242)
   defining Unicode char U+00F3 (decimal 243)
   defining Unicode char U+00F4 (decimal 244)
   defining Unicode char U+00F5 (decimal 245)
   defining Unicode char U+00F6 (decimal 246)
   defining Unicode char U+00F8 (decimal 248)
   defining Unicode char U+00F9 (decimal 249)
   defining Unicode char U+00FA (decimal 250)
   defining Unicode char U+00FB (decimal 251)
   defining Unicode char U+00FC (decimal 252)
   defining Unicode char U+00FD (decimal 253)
   defining Unicode char U+00FE (decimal 254)
   defining Unicode char U+00FF (decimal 255)
   defining Unicode char U+0102 (decimal 258)
   defining Unicode char U+0103 (decimal 259)
   defining Unicode char U+0104 (decimal 260)
   defining Unicode char U+0105 (decimal 261)
   defining Unicode char U+0106 (decimal 262)
   defining Unicode char U+0107 (decimal 263)
   defining Unicode char U+010C (decimal 268)
   defining Unicode char U+010D (decimal 269)
   defining Unicode char U+010E (decimal 270)
   defining Unicode char U+010F (decimal 271)
   defining Unicode char U+0110 (decimal 272)
   defining Unicode char U+0111 (decimal 273)
   defining Unicode char U+0118 (decimal 280)
   defining Unicode char U+0119 (decimal 281)
   defining Unicode char U+011A (decimal 282)
   defining Unicode char U+011B (decimal 283)
   defining Unicode char U+011E (decimal 286)
   defining Unicode char U+011F (decimal 287)
   defining Unicode char U+0130 (decimal 304)
   defining Unicode char U+0131 (decimal 305)
   defining Unicode char U+0132 (decimal 306)
   defining Unicode char U+0133 (decimal 307)
   defining Unicode char U+0139 (decimal 313)
   defining Unicode char U+013A (decimal 314)
   defining Unicode char U+013D (decimal 317)
   defining Unicode char U+013E (decimal 318)
   defining Unicode char U+0141 (decimal 321)
   defining Unicode char U+0142 (decimal 322)
   defining Unicode char U+0143 (decimal 323)
   defining Unicode char U+0144 (decimal 324)
   defining Unicode char U+0147 (decimal 327)
   defining Unicode char U+0148 (decimal 328)
   defining Unicode char U+014A (decimal 330)
   defining Unicode char U+014B (decimal 331)
   defining Unicode char U+0150 (decimal 336)
   defining Unicode char U+0151 (decimal 337)
   defining Unicode char U+0152 (decimal 338)
   defining Unicode char U+0153 (decimal 339)
   defining Unicode char U+0154 (decimal 340)
   defining Unicode char U+0155 (decimal 341)
   defining Unicode char U+0158 (decimal 344)
   defining Unicode char U+0159 (decimal 345)
   defining Unicode char U+015A (decimal 346)
   defining Unicode char U+015B (decimal 347)
   defining Unicode char U+015E (decimal 350)
   defining Unicode char U+015F (decimal 351)
   defining Unicode char U+0160 (decimal 352)
   defining Unicode char U+0161 (decimal 353)
   defining Unicode char U+0162 (decimal 354)
   defining Unicode char U+0163 (decimal 355)
   defining Unicode char U+0164 (decimal 356)
   defining Unicode char U+0165 (decimal 357)
   defining Unicode char U+016E (decimal 366)
   defining Unicode char U+016F (decimal 367)
   defining Unicode char U+0170 (decimal 368)
   defining Unicode char U+0171 (decimal 369)
   defining Unicode char U+0178 (decimal 376)
   defining Unicode char U+0179 (decimal 377)
   defining Unicode char U+017A (decimal 378)
   defining Unicode char U+017B (decimal 379)
   defining Unicode char U+017C (decimal 380)
   defining Unicode char U+017D (decimal 381)
   defining Unicode char U+017E (decimal 382)
   defining Unicode char U+200C (decimal 8204)
   defining Unicode char U+2013 (decimal 8211)
   defining Unicode char U+2014 (decimal 8212)
   defining Unicode char U+2018 (decimal 8216)
   defining Unicode char U+2019 (decimal 8217)
   defining Unicode char U+201A (decimal 8218)
   defining Unicode char U+201C (decimal 8220)
   defining Unicode char U+201D (decimal 8221)
   defining Unicode char U+201E (decimal 8222)
   defining Unicode char U+2030 (decimal 8240)
   defining Unicode char U+2031 (decimal 8241)
   defining Unicode char U+2039 (decimal 8249)
   defining Unicode char U+203A (decimal 8250)
   defining Unicode char U+2423 (decimal 9251)
)
Now handling font encoding OT1 ...
... processing UTF-8 mapping file for font encoding OT1

("C:\Program Files\MiKTeX 2.9\tex\latex\base\ot1enc.dfu"
File: ot1enc.dfu 2015/06/27 v1.1n UTF-8 support for inputenc
   defining Unicode char U+00A1 (decimal 161)
   defining Unicode char U+00A3 (decimal 163)
   defining Unicode char U+00B8 (decimal 184)
   defining Unicode char U+00BF (decimal 191)
   defining Unicode char U+00C5 (decimal 197)
   defining Unicode char U+00C6 (decimal 198)
   defining Unicode char U+00D8 (decimal 216)
   defining Unicode char U+00DF (decimal 223)
   defining Unicode char U+00E6 (decimal 230)
   defining Unicode char U+00EC (decimal 236)
   defining Unicode char U+00ED (decimal 237)
   defining Unicode char U+00EE (decimal 238)
   defining Unicode char U+00EF (decimal 239)
   defining Unicode char U+00F8 (decimal 248)
   defining Unicode char U+0131 (decimal 305)
   defining Unicode char U+0141 (decimal 321)
   defining Unicode char U+0142 (decimal 322)
   defining Unicode char U+0152 (decimal 338)
   defining Unicode char U+0153 (decimal 339)
   defining Unicode char U+2013 (decimal 8211)
   defining Unicode char U+2014 (decimal 8212)
   defining Unicode char U+2018 (decimal 8216)
   defining Unicode char U+2019 (decimal 8217)
   defining Unicode char U+201C (decimal 8220)
   defining Unicode char U+201D (decimal 8221)
)
Now handling font encoding OMS ...
... processing UTF-8 mapping file for font encoding OMS

("C:\Program Files\MiKTeX 2.9\tex\latex\base\omsenc.dfu"
File: omsenc.dfu 2015/06/27 v1.1n UTF-8 support for inputenc
   defining Unicode char U+00A7 (decimal 167)
   defining Unicode char U+00B6 (decimal 182)
   defining Unicode char U+00B7 (decimal 183)
   defining Unicode char U+2020 (decimal 8224)
   defining Unicode char U+2021 (decimal 8225)
   defining Unicode char U+2022 (decimal 8226)
)
Now handling font encoding OMX ...
... no UTF-8 mapping file for font encoding OMX
Now handling font encoding U ...
... no UTF-8 mapping file for font encoding U
   defining Unicode char U+00A9 (decimal 169)
   defining Unicode char U+00AA (decimal 170)
   defining Unicode char U+00AE (decimal 174)
   defining Unicode char U+00BA (decimal 186)
   defining Unicode char U+02C6 (decimal 710)
   defining Unicode char U+02DC (decimal 732)
   defining Unicode char U+200C (decimal 8204)
   defining Unicode char U+2026 (decimal 8230)
   defining Unicode char U+2122 (decimal 8482)
   defining Unicode char U+2423 (decimal 9251)
))
("C:\Program Files\MiKTeX 2.9\tex\generic\babel\babel.sty"
Package: babel 2015/08/03 3.9m The Babel package

*************************************
* Local config file bblopts.cfg used
*
("C:\Program Files\MiKTeX 2.9\tex\latex\00miktex\bblopts.cfg"
File: bblopts.cfg 2006/07/31 v1.0 MiKTeX 'babel' configuration
)
("C:\Program Files\MiKTeX 2.9\tex\latex\babel-german\german.ldf"
Language: german 2014/10/10 v2.7b German support for babel (traditional orthogr
aphy)

("C:\Program Files\MiKTeX 2.9\tex\latex\babel-german\germanb.ldf"
Language: germanb 2014/10/10 v2.7b German support for babel (traditional orthog
raphy)

("C:\Program Files\MiKTeX 2.9\tex\generic\babel\babel.def"
File: babel.def 2015/08/03 3.9m Babel common definitions
\babel@savecnt=\count88
\U@D=\dimen103
)
\l@austrian = a dialect from \language\l@german 
Package babel Info: Making " an active character on input line 110.
)))
("C:\Program Files\MiKTeX 2.9\tex\latex\base\fontenc.sty"
Package: fontenc 2005/09/27 v1.99g Standard LaTeX package

("C:\Program Files\MiKTeX 2.9\tex\latex\base\t1enc.def"
File: t1enc.def 2005/09/27 v1.99g Standard LaTeX file
LaTeX Font Info:    Redeclaring font encoding T1 on input line 48.
))
("C:\Program Files\MiKTeX 2.9\tex\latex\amsmath\amsmath.sty"
Package: amsmath 2013/01/14 v2.14 AMS math features
\@mathmargin=\skip48

For additional information on amsmath, use the `?' option.
("C:\Program Files\MiKTeX 2.9\tex\latex\amsmath\amstext.sty"
Package: amstext 2000/06/29 v2.01

("C:\Program Files\MiKTeX 2.9\tex\latex\amsmath\amsgen.sty"
File: amsgen.sty 1999/11/30 v2.0
\@emptytoks=\toks17
\ex@=\dimen104
))
("C:\Program Files\MiKTeX 2.9\tex\latex\amsmath\amsbsy.sty"
Package: amsbsy 1999/11/29 v1.2d
\pmbraise@=\dimen105
)
("C:\Program Files\MiKTeX 2.9\tex\latex\amsmath\amsopn.sty"
Package: amsopn 1999/12/14 v2.01 operator names
)
\inf@bad=\count89
LaTeX Info: Redefining \frac on input line 210.
\uproot@=\count90
\leftroot@=\count91
LaTeX Info: Redefining \overline on input line 306.
\classnum@=\count92
\DOTSCASE@=\count93
LaTeX Info: Redefining \ldots on input line 378.
LaTeX Info: Redefining \dots on input line 381.
LaTeX Info: Redefining \cdots on input line 466.
\Mathstrutbox@=\box27
\strutbox@=\box28
\big@size=\dimen106
LaTeX Font Info:    Redeclaring font encoding OML on input line 566.
LaTeX Font Info:    Redeclaring font encoding OMS on input line 567.
\macc@depth=\count94
\c@MaxMatrixCols=\count95
\dotsspace@=\muskip10
\c@parentequation=\count96
\dspbrk@lvl=\count97
\tag@help=\toks18
\row@=\count98
\column@=\count99
\maxfields@=\count100
\andhelp@=\toks19
\eqnshift@=\dimen107
\alignsep@=\dimen108
\tagshift@=\dimen109
\tagwidth@=\dimen110
\totwidth@=\dimen111
\lineht@=\dimen112
\@envbody=\toks20
\multlinegap=\skip49
\multlinetaggap=\skip50
\mathdisplay@stack=\toks21
LaTeX Info: Redefining \[ on input line 2665.
LaTeX Info: Redefining \] on input line 2666.
)
("C:\Program Files\MiKTeX 2.9\tex\latex\amsfonts\amsfonts.sty"
Package: amsfonts 2013/01/14 v3.01 Basic AMSFonts support
\symAMSa=\mathgroup4
\symAMSb=\mathgroup5
LaTeX Font Info:    Overwriting math alphabet `\mathfrak' in version `bold'
(Font)                  U/euf/m/n --> U/euf/b/n on input line 106.
)
("C:\Program Files\MiKTeX 2.9\tex\latex\amsfonts\amssymb.sty"
Package: amssymb 2013/01/14 v3.01 AMS font symbols
)
("C:\Program Files\MiKTeX 2.9\tex\latex\lm\lmodern.sty"
Package: lmodern 2009/10/30 v1.6 Latin Modern Fonts
LaTeX Font Info:    Overwriting symbol font `operators' in version `normal'
(Font)                  OT1/cmr/m/n --> OT1/lmr/m/n on input line 22.
LaTeX Font Info:    Overwriting symbol font `letters' in version `normal'
(Font)                  OML/cmm/m/it --> OML/lmm/m/it on input line 23.
LaTeX Font Info:    Overwriting symbol font `symbols' in version `normal'
(Font)                  OMS/cmsy/m/n --> OMS/lmsy/m/n on input line 24.
LaTeX Font Info:    Overwriting symbol font `largesymbols' in version `normal'
(Font)                  OMX/cmex/m/n --> OMX/lmex/m/n on input line 25.
LaTeX Font Info:    Overwriting symbol font `operators' in version `bold'
(Font)                  OT1/cmr/bx/n --> OT1/lmr/bx/n on input line 26.
LaTeX Font Info:    Overwriting symbol font `letters' in version `bold'
(Font)                  OML/cmm/b/it --> OML/lmm/b/it on input line 27.
LaTeX Font Info:    Overwriting symbol font `symbols' in version `bold'
(Font)                  OMS/cmsy/b/n --> OMS/lmsy/b/n on input line 28.
LaTeX Font Info:    Overwriting symbol font `largesymbols' in version `bold'
(Font)                  OMX/cmex/m/n --> OMX/lmex/m/n on input line 29.
LaTeX Font Info:    Overwriting math alphabet `\mathbf' in version `normal'
(Font)                  OT1/cmr/bx/n --> OT1/lmr/bx/n on input line 31.
LaTeX Font Info:    Overwriting math alphabet `\mathsf' in version `normal'
(Font)                  OT1/cmss/m/n --> OT1/lmss/m/n on input line 32.
LaTeX Font Info:    Overwriting math alphabet `\mathit' in version `normal'
(Font)                  OT1/cmr/m/it --> OT1/lmr/m/it on input line 33.
LaTeX Font Info:    Overwriting math alphabet `\mathtt' in version `normal'
(Font)                  OT1/cmtt/m/n --> OT1/lmtt/m/n on input line 34.
LaTeX Font Info:    Overwriting math alphabet `\mathbf' in version `bold'
(Font)                  OT1/cmr/bx/n --> OT1/lmr/bx/n on input line 35.
LaTeX Font Info:    Overwriting math alphabet `\mathsf' in version `bold'
(Font)                  OT1/cmss/bx/n --> OT1/lmss/bx/n on input line 36.
LaTeX Font Info:    Overwriting math alphabet `\mathit' in version `bold'
(Font)                  OT1/cmr/bx/it --> OT1/lmr/bx/it on input line 37.
LaTeX Font Info:    Overwriting math alphabet `\mathtt' in version `bold'
(Font)                  OT1/cmtt/m/n --> OT1/lmtt/m/n on input line 38.
)
("C:\Program Files\MiKTeX 2.9\tex\latex\threeparttable\threeparttable.sty"
Package: threeparttable 2003/06/13  v 3.0
\@tempboxb=\box29
)
("C:\Program Files\MiKTeX 2.9\tex\latex\listings\listings.sty"
\lst@mode=\count101
\lst@gtempboxa=\box30
\lst@token=\toks22
\lst@length=\count102
\lst@currlwidth=\dimen113
\lst@column=\count103
\lst@pos=\count104
\lst@lostspace=\dimen114
\lst@width=\dimen115
\lst@newlines=\count105
\lst@lineno=\count106
\lst@maxwidth=\dimen116

("C:\Program Files\MiKTeX 2.9\tex\latex\listings\lstmisc.sty"
File: lstmisc.sty 2015/06/04 1.6 (Carsten Heinz)
\c@lstnumber=\count107
\lst@skipnumbers=\count108
\lst@framebox=\box31
)
("C:\Program Files\MiKTeX 2.9\tex\latex\listings\listings.cfg"
File: listings.cfg 2015/06/04 1.6 listings configuration
))
Package: listings 2015/06/04 1.6 (Carsten Heinz)

("C:\Program Files\MiKTeX 2.9\tex\latex\graphics\color.sty"
Package: color 2014/10/28 v1.1a Standard LaTeX Color (DPC)

("C:\Program Files\MiKTeX 2.9\tex\latex\00miktex\color.cfg"
File: color.cfg 2007/01/18 v1.5 color configuration of teTeX/TeXLive
)
Package color Info: Driver file: pdftex.def on input line 142.

("C:\Program Files\MiKTeX 2.9\tex\latex\pdftex-def\pdftex.def"
File: pdftex.def 2011/05/27 v0.06d Graphics/color for pdfTeX

("C:\Program Files\MiKTeX 2.9\tex\generic\oberdiek\infwarerr.sty"
Package: infwarerr 2010/04/08 v1.3 Providing info/warning/error messages (HO)
)
("C:\Program Files\MiKTeX 2.9\tex\generic\oberdiek\ltxcmds.sty"
Package: ltxcmds 2011/11/09 v1.22 LaTeX kernel commands for general use (HO)
)
\Gread@gobject=\count109
))
("C:\Program Files\MiKTeX 2.9\tex\latex\struktex\struktex.sty"
Package: struktex 2012/04/10 v141  Nassi Shneiderman Charts (Jobst Hoffmann)

("C:\Program Files\MiKTeX 2.9\tex\latex\base\ifthen.sty"
Package: ifthen 2014/09/29 v1.1c Standard LaTeX ifthen package (DPC)
)
("C:\Program Files\MiKTeX 2.9\tex\latex\struktex\struktxf.sty"
Package: struktxf 2012/04/10 v141  Fonts for Nassi Shneiderman Charts (Jobst Ho
ffmann)
\symitalics=\mathgroup6
LaTeX Font Info:    Redeclaring symbol font `AMSb' on input line 29.
LaTeX Font Info:    Overwriting symbol font `AMSb' in version `normal'
(Font)                  U/msb/m/n --> U/msb/m/n on input line 29.
LaTeX Font Info:    Overwriting symbol font `AMSb' in version `bold'
(Font)                  U/msb/m/n --> U/msb/m/n on input line 29.
)
("C:\Program Files\MiKTeX 2.9\tex\latex\struktex\struktxp.sty"
Package: struktxp 2012/04/10 v141  Keywords for Nassi Shneiderman Charts (Jobst
 Hoffmann)

("C:\Program Files\MiKTeX 2.9\tex\latex\url\url.sty"
\Urlmuskip=\muskip11
Package: url 2013/09/16  ver 3.4  Verb mode for urls, etc.
))
("C:\Program Files\MiKTeX 2.9\tex\latex\pict2e\pict2e.sty"
Package: pict2e 2014/01/12 v0.2z Improved picture commands (HjG,RN,JT)

("C:\Program Files\MiKTeX 2.9\tex\latex\00miktex\pict2e.cfg"
File: pict2e.cfg 2011/04/05 v0.1t pict2e configuration for teTeX/TeXLive
)
Package pict2e Info: Driver file: pdftex.def on input line 119.
Package pict2e Info: Driver file for pict2e: p2e-pdftex.def on input line 121.

("C:\Program Files\MiKTeX 2.9\tex\latex\pict2e\p2e-pdftex.def"
File: p2e-pdftex.def 2011/04/05 v0.1t Driver-dependant file (RN,HjG,JT)
)
("C:\Program Files\MiKTeX 2.9\tex\latex\graphics\trig.sty"
Package: trig 1999/03/16 v1.09 sin cos tan (DPC)
)
\pIIe@GRAPH=\toks23
\@arclen=\dimen117
\@arcrad=\dimen118
\@tempdimd=\dimen119
)
\savelength@nss=\dimen120
\gx@nss=\count110
\gy@nss=\count111
\gsize@nss=\count112
\TextBox@nss=\box32
\TextBoxHt@nss=\dimen121
LaTeX Font Info:    Redeclaring math symbol \varnothing on input line 125.
\descriptionindent=\skip51
\descriptionwidth=\skip52
\descriptionsep=\skip53
\descriptionwidth@nss=\skip54
\indentmeasure@nss=\dimen122
\indentmeasureright@nss=\dimen123
\thisindent@nss=\dimen124
\thisindentright@nss=\dimen125
\thislength@nss=\dimen126
\CenterBox@nss=\box33
)
("C:\Program Files\MiKTeX 2.9\tex\latex\xcolor\xcolor.sty"
Package: xcolor 2007/01/21 v2.11 LaTeX color extensions (UK)

("C:\Program Files\MiKTeX 2.9\tex\latex\00miktex\color.cfg"
File: color.cfg 2007/01/18 v1.5 color configuration of teTeX/TeXLive
)
Package xcolor Info: Package option `usenames' ignored on input line 216.
Package xcolor Info: Driver file: pdftex.def on input line 225.

("C:\Program Files\MiKTeX 2.9\tex\latex\colortbl\colortbl.sty"
Package: colortbl 2012/02/13 v1.0a Color table columns (DPC)

("C:\Program Files\MiKTeX 2.9\tex\latex\tools\array.sty"
Package: array 2014/10/28 v2.4c Tabular extension package (FMi)
\col@sep=\dimen127
\extrarowheight=\dimen128
\NC@list=\toks24
\extratabsurround=\skip55
\backup@length=\skip56
)
\everycr=\toks25
\minrowclearance=\skip57
)
LaTeX Info: Redefining \color on input line 702.
\rownum=\count113
Package xcolor Info: Model `cmy' substituted by `cmy0' on input line 1337.
Package xcolor Info: Model `hsb' substituted by `rgb' on input line 1341.
Package xcolor Info: Model `RGB' extended on input line 1353.
Package xcolor Info: Model `HTML' substituted by `rgb' on input line 1355.
Package xcolor Info: Model `Hsb' substituted by `hsb' on input line 1356.
Package xcolor Info: Model `tHsb' substituted by `hsb' on input line 1357.
Package xcolor Info: Model `HSB' substituted by `hsb' on input line 1358.
Package xcolor Info: Model `Gray' substituted by `gray' on input line 1359.
Package xcolor Info: Model `wave' substituted by `hsb' on input line 1360.

("C:\Program Files\MiKTeX 2.9\tex\latex\graphics\dvipsnam.def"
File: dvipsnam.def 2014/10/14 v3.0j Driver-dependent file (DPC,SPQR)
)
("C:\Program Files\MiKTeX 2.9\tex\latex\xcolor\svgnam.def"
File: svgnam.def 2007/01/21 v2.11 Predefined colors according to SVG 1.1 (UK)
))
("C:\Program Files\MiKTeX 2.9\tex\generic\xypic\xy.sty"
("C:\Program Files\MiKTeX 2.9\tex\generic\xypic\xy.tex" Bootstrap'ing:
catcodes, docmode, ("C:\Program Files\MiKTeX 2.9\tex\generic\xypic\xyrecat.tex"
) ("C:\Program Files\MiKTeX 2.9\tex\generic\xypic\xyidioms.tex")

 Xy-pic version 3.8.9 <2013/10/06>
 Copyright (c) 1991-2013 by Kristoffer H. Rose <krisrose@tug.org> and others
 Xy-pic is free software: see the User's Guide for details.

Loading kernel: messages; fonts; allocations: state,
\X@c=\dimen129
\Y@c=\dimen130
\U@c=\dimen131
\D@c=\dimen132
\L@c=\dimen133
\R@c=\dimen134
\Edge@c=\toks26
\X@p=\dimen135
\Y@p=\dimen136
\U@p=\dimen137
\D@p=\dimen138
\L@p=\dimen139
\R@p=\dimen140
\Edge@p=\toks27
\X@origin=\dimen141
\Y@origin=\dimen142
\X@xbase=\dimen143
\Y@xbase=\dimen144
\X@ybase=\dimen145
\Y@ybase=\dimen146
\X@min=\dimen147
\Y@min=\dimen148
\X@max=\dimen149
\Y@max=\dimen150
\lastobjectbox@=\box34
\zerodotbox@=\box35
\almostz@=\dimen151
 direction,
\d@X=\dimen152
\d@Y=\dimen153
\K@=\count114
\KK@=\count115
\Direction=\count116
\K@dXdY=\dimen154
\K@dYdX=\dimen155
\xyread@=\read1
\xywrite@=\write3
\csp@=\count117
\quotPTK@=\dimen156

utility macros; pictures: \xy, positions,
\swaptoks@@=\toks28
\connectobjectbox@@=\box36
 objects,
\styletoks@=\toks29
 decorations;
kernel objects: directionals, circles, text; options; algorithms: directions,
edges, connections;  Xy-pic loaded)
("C:\Program Files\MiKTeX 2.9\tex\generic\oberdiek\ifpdf.sty"
Package: ifpdf 2011/01/30 v2.3 Provides the ifpdf switch (HO)
Package ifpdf Info: pdfTeX in PDF mode is detected.
)
Package: xy 2013/10/06 Xy-pic version 3.8.9

("C:\Program Files\MiKTeX 2.9\tex\generic\xypic\xyall.tex"
 Xy-pic option: All features v.3.8
("C:\Program Files\MiKTeX 2.9\tex\generic\xypic\xycurve.tex"
 Xy-pic option: Curve and Spline extension v.3.12 curve,
\crv@cnt@=\count118
\crvpts@=\toks30
\splinebox@=\box37
\splineval@=\dimen157
\splinedepth@=\dimen158
\splinetol@=\dimen159
\splinelength@=\dimen160
 circles,
\L@=\dimen161
 loaded)
("C:\Program Files\MiKTeX 2.9\tex\generic\xypic\xyframe.tex"
 Xy-pic option: Frame and Bracket extension v.3.14 loaded)
("C:\Program Files\MiKTeX 2.9\tex\generic\xypic\xycmtip.tex"
 Xy-pic option: Computer Modern tip extension v.3.7
("C:\Program Files\MiKTeX 2.9\tex\generic\xypic\xytips.tex"
 Xy-pic option: More Tips extension v.3.11 loaded) loaded)
("C:\Program Files\MiKTeX 2.9\tex\generic\xypic\xyline.tex"
 Xy-pic option: Line styles extension v.3.10
\xylinethick@=\dimen162
 loaded)
("C:\Program Files\MiKTeX 2.9\tex\generic\xypic\xyrotate.tex"
 Xy-pic option: Rotate and Scale extension v.3.8 loaded)
("C:\Program Files\MiKTeX 2.9\tex\generic\xypic\xycolor.tex"
 Xy-pic option: Colour extension v.3.11 loaded)
("C:\Program Files\MiKTeX 2.9\tex\generic\xypic\xymatrix.tex"
 Xy-pic option: Matrix feature v.3.14
\Row=\count119
\Col=\count120
\queue@=\toks31
\queue@@=\toks32
\qcount@=\count121
\qcount@@=\count122
\matrixsize@=\count123
 loaded)
("C:\Program Files\MiKTeX 2.9\tex\generic\xypic\xyarrow.tex"
 Xy-pic option: Arrow and Path feature v.3.9 path, \ar, loaded)
("C:\Program Files\MiKTeX 2.9\tex\generic\xypic\xygraph.tex"
 Xy-pic option: Graph feature v.3.11 loaded) loaded)
("C:\Program Files\MiKTeX 2.9\tex\generic\xypic\xypdf.tex"
 Xy-pic option: PDF driver v.1.7 Xy-pic pdf driver: `color' extension support
("C:\Program Files\MiKTeX 2.9\tex\generic\xypic\xypdf-co.tex" loaded)
Xy-pic pdf driver: `curve' extension support
("C:\Program Files\MiKTeX 2.9\tex\generic\xypic\xypdf-cu.tex" loaded)
Xy-pic pdf driver: `frame' extension support
("C:\Program Files\MiKTeX 2.9\tex\generic\xypic\xypdf-fr.tex" loaded)
Xy-pic pdf driver: `line' extension support
("C:\Program Files\MiKTeX 2.9\tex\generic\xypic\xypdf-li.tex" loaded)
Xy-pic pdf driver: `rotate' extension support
("C:\Program Files\MiKTeX 2.9\tex\generic\xypic\xypdf-ro.tex" loaded) loaded))
("C:\Program Files\MiKTeX 2.9\tex\latex\graphics\graphicx.sty"
Package: graphicx 2014/10/28 v1.0g Enhanced LaTeX Graphics (DPC,SPQR)

("C:\Program Files\MiKTeX 2.9\tex\latex\graphics\graphics.sty"
Package: graphics 2014/10/28 v1.0p Standard LaTeX Graphics (DPC,SPQR)

("C:\Program Files\MiKTeX 2.9\tex\latex\00miktex\graphics.cfg"
File: graphics.cfg 2007/01/18 v1.5 graphics configuration of teTeX/TeXLive
)
Package graphics Info: Driver file: pdftex.def on input line 94.
)
\Gin@req@height=\dimen163
\Gin@req@width=\dimen164
)
("C:\Program Files\MiKTeX 2.9\tex\latex\pgfplots\pgfplots.sty"
("C:\Program Files\MiKTeX 2.9\tex\generic\pgfplots\pgfplots.revision.tex")
Package: pgfplots 2015/05/02 v1.12.1 Data Visualization (1.12.1)

("C:\Program Files\MiKTeX 2.9\tex\latex\pgf\frontendlayer\tikz.sty"
("C:\Program Files\MiKTeX 2.9\tex\latex\pgf\basiclayer\pgf.sty"
("C:\Program Files\MiKTeX 2.9\tex\latex\pgf\utilities\pgfrcs.sty"
("C:\Program Files\MiKTeX 2.9\tex\generic\pgf\utilities\pgfutil-common.tex"
\pgfutil@everybye=\toks33
\pgfutil@tempdima=\dimen165
\pgfutil@tempdimb=\dimen166

("C:\Program Files\MiKTeX 2.9\tex\generic\pgf\utilities\pgfutil-common-lists.te
x")) ("C:\Program Files\MiKTeX 2.9\tex\generic\pgf\utilities\pgfutil-latex.def"
\pgfutil@abb=\box38
("C:\Program Files\MiKTeX 2.9\tex\latex\ms\everyshi.sty"
Package: everyshi 2001/05/15 v3.00 EveryShipout Package (MS)
))
("C:\Program Files\MiKTeX 2.9\tex\generic\pgf\utilities\pgfrcs.code.tex"
Package: pgfrcs 2015/08/07 v3.0.1 (rcs-revision 1.31)
))
Package: pgf 2015/08/07 v3.0.1 (rcs-revision 1.15)

("C:\Program Files\MiKTeX 2.9\tex\latex\pgf\basiclayer\pgfcore.sty"
("C:\Program Files\MiKTeX 2.9\tex\latex\pgf\systemlayer\pgfsys.sty"
("C:\Program Files\MiKTeX 2.9\tex\generic\pgf\systemlayer\pgfsys.code.tex"
Package: pgfsys 2014/07/09 v3.0.1 (rcs-revision 1.48)

("C:\Program Files\MiKTeX 2.9\tex\generic\pgf\utilities\pgfkeys.code.tex"
\pgfkeys@pathtoks=\toks34
\pgfkeys@temptoks=\toks35

("C:\Program Files\MiKTeX 2.9\tex\generic\pgf\utilities\pgfkeysfiltered.code.te
x"
\pgfkeys@tmptoks=\toks36
))
\pgf@x=\dimen167
\pgf@y=\dimen168
\pgf@xa=\dimen169
\pgf@ya=\dimen170
\pgf@xb=\dimen171
\pgf@yb=\dimen172
\pgf@xc=\dimen173
\pgf@yc=\dimen174
\w@pgf@writea=\write4
\r@pgf@reada=\read2
\c@pgf@counta=\count124
\c@pgf@countb=\count125
\c@pgf@countc=\count126
\c@pgf@countd=\count127
\t@pgf@toka=\toks37
\t@pgf@tokb=\toks38
\t@pgf@tokc=\toks39
 ("C:\Program Files\MiKTeX 2.9\tex\generic\pgf\systemlayer\pgf.cfg"
File: pgf.cfg 2008/05/14  (rcs-revision 1.7)
)
Driver file for pgf: pgfsys-pdftex.def

("C:\Program Files\MiKTeX 2.9\tex\generic\pgf\systemlayer\pgfsys-pdftex.def"
File: pgfsys-pdftex.def 2014/10/11  (rcs-revision 1.35)

("C:\Program Files\MiKTeX 2.9\tex\generic\pgf\systemlayer\pgfsys-common-pdf.def
"
File: pgfsys-common-pdf.def 2013/10/10  (rcs-revision 1.13)
)))
("C:\Program Files\MiKTeX 2.9\tex\generic\pgf\systemlayer\pgfsyssoftpath.code.t
ex"
File: pgfsyssoftpath.code.tex 2013/09/09  (rcs-revision 1.9)
\pgfsyssoftpath@smallbuffer@items=\count128
\pgfsyssoftpath@bigbuffer@items=\count129
)
("C:\Program Files\MiKTeX 2.9\tex\generic\pgf\systemlayer\pgfsysprotocol.code.t
ex"
File: pgfsysprotocol.code.tex 2006/10/16  (rcs-revision 1.4)
)) ("C:\Program Files\MiKTeX 2.9\tex\generic\pgf\basiclayer\pgfcore.code.tex"
Package: pgfcore 2010/04/11 v3.0.1 (rcs-revision 1.7)
 ("C:\Program Files\MiKTeX 2.9\tex\generic\pgf\math\pgfmath.code.tex"
("C:\Program Files\MiKTeX 2.9\tex\generic\pgf\math\pgfmathcalc.code.tex"
("C:\Program Files\MiKTeX 2.9\tex\generic\pgf\math\pgfmathutil.code.tex")
("C:\Program Files\MiKTeX 2.9\tex\generic\pgf\math\pgfmathparser.code.tex"
\pgfmath@dimen=\dimen175
\pgfmath@count=\count130
\pgfmath@box=\box39
\pgfmath@toks=\toks40
\pgfmath@stack@operand=\toks41
\pgfmath@stack@operation=\toks42
)
("C:\Program Files\MiKTeX 2.9\tex\generic\pgf\math\pgfmathfunctions.code.tex"
("C:\Program Files\MiKTeX 2.9\tex\generic\pgf\math\pgfmathfunctions.basic.code.
tex")
("C:\Program Files\MiKTeX 2.9\tex\generic\pgf\math\pgfmathfunctions.trigonometr
ic.code.tex")
("C:\Program Files\MiKTeX 2.9\tex\generic\pgf\math\pgfmathfunctions.random.code
.tex")
("C:\Program Files\MiKTeX 2.9\tex\generic\pgf\math\pgfmathfunctions.comparison.
code.tex")
("C:\Program Files\MiKTeX 2.9\tex\generic\pgf\math\pgfmathfunctions.base.code.t
ex")
("C:\Program Files\MiKTeX 2.9\tex\generic\pgf\math\pgfmathfunctions.round.code.
tex")
("C:\Program Files\MiKTeX 2.9\tex\generic\pgf\math\pgfmathfunctions.misc.code.t
ex")
("C:\Program Files\MiKTeX 2.9\tex\generic\pgf\math\pgfmathfunctions.integerarit
hmetics.code.tex")))
("C:\Program Files\MiKTeX 2.9\tex\generic\pgf\math\pgfmathfloat.code.tex"
\c@pgfmathroundto@lastzeros=\count131
))
("C:\Program Files\MiKTeX 2.9\tex\generic\pgf\basiclayer\pgfcorepoints.code.tex
"
File: pgfcorepoints.code.tex 2013/10/07  (rcs-revision 1.27)
\pgf@picminx=\dimen176
\pgf@picmaxx=\dimen177
\pgf@picminy=\dimen178
\pgf@picmaxy=\dimen179
\pgf@pathminx=\dimen180
\pgf@pathmaxx=\dimen181
\pgf@pathminy=\dimen182
\pgf@pathmaxy=\dimen183
\pgf@xx=\dimen184
\pgf@xy=\dimen185
\pgf@yx=\dimen186
\pgf@yy=\dimen187
\pgf@zx=\dimen188
\pgf@zy=\dimen189
)
("C:\Program Files\MiKTeX 2.9\tex\generic\pgf\basiclayer\pgfcorepathconstruct.c
ode.tex"
File: pgfcorepathconstruct.code.tex 2013/10/07  (rcs-revision 1.29)
\pgf@path@lastx=\dimen190
\pgf@path@lasty=\dimen191
)
("C:\Program Files\MiKTeX 2.9\tex\generic\pgf\basiclayer\pgfcorepathusage.code.
tex"
File: pgfcorepathusage.code.tex 2014/11/02  (rcs-revision 1.24)
\pgf@shorten@end@additional=\dimen192
\pgf@shorten@start@additional=\dimen193
)
("C:\Program Files\MiKTeX 2.9\tex\generic\pgf\basiclayer\pgfcorescopes.code.tex
"
File: pgfcorescopes.code.tex 2015/05/08  (rcs-revision 1.46)
\pgfpic=\box40
\pgf@hbox=\box41
\pgf@layerbox@main=\box42
\pgf@picture@serial@count=\count132
)
("C:\Program Files\MiKTeX 2.9\tex\generic\pgf\basiclayer\pgfcoregraphicstate.co
de.tex"
File: pgfcoregraphicstate.code.tex 2014/11/02  (rcs-revision 1.12)
\pgflinewidth=\dimen194
)
("C:\Program Files\MiKTeX 2.9\tex\generic\pgf\basiclayer\pgfcoretransformations
.code.tex"
File: pgfcoretransformations.code.tex 2015/08/07  (rcs-revision 1.20)
\pgf@pt@x=\dimen195
\pgf@pt@y=\dimen196
\pgf@pt@temp=\dimen197
)
("C:\Program Files\MiKTeX 2.9\tex\generic\pgf\basiclayer\pgfcorequick.code.tex"
File: pgfcorequick.code.tex 2008/10/09  (rcs-revision 1.3)
)
("C:\Program Files\MiKTeX 2.9\tex\generic\pgf\basiclayer\pgfcoreobjects.code.te
x"
File: pgfcoreobjects.code.tex 2006/10/11  (rcs-revision 1.2)
)
("C:\Program Files\MiKTeX 2.9\tex\generic\pgf\basiclayer\pgfcorepathprocessing.
code.tex"
File: pgfcorepathprocessing.code.tex 2013/09/09  (rcs-revision 1.9)
)
("C:\Program Files\MiKTeX 2.9\tex\generic\pgf\basiclayer\pgfcorearrows.code.tex
"
File: pgfcorearrows.code.tex 2015/05/14  (rcs-revision 1.43)
\pgfarrowsep=\dimen198
)
("C:\Program Files\MiKTeX 2.9\tex\generic\pgf\basiclayer\pgfcoreshade.code.tex"
File: pgfcoreshade.code.tex 2013/07/15  (rcs-revision 1.15)
\pgf@max=\dimen199
\pgf@sys@shading@range@num=\count133
) ("C:\Program Files\MiKTeX 2.9\tex\generic\pgf\basiclayer\pgfcoreimage.code.te
x"
File: pgfcoreimage.code.tex 2013/07/15  (rcs-revision 1.18)

("C:\Program Files\MiKTeX 2.9\tex\generic\pgf\basiclayer\pgfcoreexternal.code.t
ex"
File: pgfcoreexternal.code.tex 2014/07/09  (rcs-revision 1.21)
\pgfexternal@startupbox=\box43
))
("C:\Program Files\MiKTeX 2.9\tex\generic\pgf\basiclayer\pgfcorelayers.code.tex
"
File: pgfcorelayers.code.tex 2013/07/18  (rcs-revision 1.7)
)
("C:\Program Files\MiKTeX 2.9\tex\generic\pgf\basiclayer\pgfcoretransparency.co
de.tex"
File: pgfcoretransparency.code.tex 2013/09/30  (rcs-revision 1.5)
)
("C:\Program Files\MiKTeX 2.9\tex\generic\pgf\basiclayer\pgfcorepatterns.code.t
ex"
File: pgfcorepatterns.code.tex 2013/11/07  (rcs-revision 1.5)
)))
("C:\Program Files\MiKTeX 2.9\tex\generic\pgf\modules\pgfmoduleshapes.code.tex"
File: pgfmoduleshapes.code.tex 2014/03/21  (rcs-revision 1.35)
\pgfnodeparttextbox=\box44
) ("C:\Program Files\MiKTeX 2.9\tex\generic\pgf\modules\pgfmoduleplot.code.tex"
File: pgfmoduleplot.code.tex 2015/08/03  (rcs-revision 1.13)
)
("C:\Program Files\MiKTeX 2.9\tex\latex\pgf\compatibility\pgfcomp-version-0-65.
sty"
Package: pgfcomp-version-0-65 2007/07/03 v3.0.1 (rcs-revision 1.7)
\pgf@nodesepstart=\dimen200
\pgf@nodesepend=\dimen201
)
("C:\Program Files\MiKTeX 2.9\tex\latex\pgf\compatibility\pgfcomp-version-1-18.
sty"
Package: pgfcomp-version-1-18 2007/07/23 v3.0.1 (rcs-revision 1.1)
)) ("C:\Program Files\MiKTeX 2.9\tex\latex\pgf\utilities\pgffor.sty"
("C:\Program Files\MiKTeX 2.9\tex\latex\pgf\utilities\pgfkeys.sty"
("C:\Program Files\MiKTeX 2.9\tex\generic\pgf\utilities\pgfkeys.code.tex"))
("C:\Program Files\MiKTeX 2.9\tex\latex\pgf\math\pgfmath.sty"
("C:\Program Files\MiKTeX 2.9\tex\generic\pgf\math\pgfmath.code.tex"))
("C:\Program Files\MiKTeX 2.9\tex\generic\pgf\utilities\pgffor.code.tex"
Package: pgffor 2013/12/13 v3.0.1 (rcs-revision 1.25)

("C:\Program Files\MiKTeX 2.9\tex\generic\pgf\math\pgfmath.code.tex")
\pgffor@iter=\dimen202
\pgffor@skip=\dimen203
\pgffor@stack=\toks43
\pgffor@toks=\toks44
))
("C:\Program Files\MiKTeX 2.9\tex\generic\pgf\frontendlayer\tikz\tikz.code.tex"
Package: tikz 2015/08/07 v3.0.1 (rcs-revision 1.151)

("C:\Program Files\MiKTeX 2.9\tex\generic\pgf\libraries\pgflibraryplothandlers.
code.tex"
File: pgflibraryplothandlers.code.tex 2013/08/31 v3.0.1 (rcs-revision 1.20)
\pgf@plot@mark@count=\count134
\pgfplotmarksize=\dimen204
)
\tikz@lastx=\dimen205
\tikz@lasty=\dimen206
\tikz@lastxsaved=\dimen207
\tikz@lastysaved=\dimen208
\tikzleveldistance=\dimen209
\tikzsiblingdistance=\dimen210
\tikz@figbox=\box45
\tikz@figbox@bg=\box46
\tikz@tempbox=\box47
\tikz@tempbox@bg=\box48
\tikztreelevel=\count135
\tikznumberofchildren=\count136
\tikznumberofcurrentchild=\count137
\tikz@fig@count=\count138

("C:\Program Files\MiKTeX 2.9\tex\generic\pgf\modules\pgfmodulematrix.code.tex"
File: pgfmodulematrix.code.tex 2013/09/17  (rcs-revision 1.8)
\pgfmatrixcurrentrow=\count139
\pgfmatrixcurrentcolumn=\count140
\pgf@matrix@numberofcolumns=\count141
)
\tikz@expandcount=\count142

("C:\Program Files\MiKTeX 2.9\tex\generic\pgf\frontendlayer\tikz\libraries\tikz
librarytopaths.code.tex"
File: tikzlibrarytopaths.code.tex 2008/06/17 v3.0.1 (rcs-revision 1.2)
)))
("C:\Program Files\MiKTeX 2.9\tex\generic\pgfplots\pgfplots.code.tex"
("C:\Program Files\MiKTeX 2.9\tex\generic\pgfplots\pgfplotscore.code.tex"
\t@pgfplots@toka=\toks45
\t@pgfplots@tokb=\toks46
\t@pgfplots@tokc=\toks47
\pgfplots@tmpa=\dimen211
\c@pgfplots@coordindex=\count143
\c@pgfplots@scanlineindex=\count144

("C:\Program Files\MiKTeX 2.9\tex\generic\pgfplots\sys\pgfplotssysgeneric.code.
tex"))
("C:\Program Files\MiKTeX 2.9\tex\generic\pgfplots\libs\pgfplotslibrary.code.te
x")
("C:\Program Files\MiKTeX 2.9\tex\generic\pgfplots\oldpgfcompatib\pgfplotsoldpg
fsupp_loader.code.tex"
("C:\Program Files\MiKTeX 2.9\tex\generic\pgf\libraries\pgflibraryfpu.code.tex"
)) ("C:\Program Files\MiKTeX 2.9\tex\generic\pgfplots\util\pgfplotsutil.code.te
x"
("C:\Program Files\MiKTeX 2.9\tex\generic\pgfplots\liststructure\pgfplotslistst
ructure.code.tex")
("C:\Program Files\MiKTeX 2.9\tex\generic\pgfplots\liststructure\pgfplotslistst
ructureext.code.tex")
("C:\Program Files\MiKTeX 2.9\tex\generic\pgfplots\liststructure\pgfplotsarray.
code.tex"
\c@pgfplotsarray@tmp=\count145
)
("C:\Program Files\MiKTeX 2.9\tex\generic\pgfplots\liststructure\pgfplotsmatrix
.code.tex")
("C:\Program Files\MiKTeX 2.9\tex\generic\pgfplots\numtable\pgfplotstableshared
.code.tex"
\c@pgfplotstable@counta=\count146
\t@pgfplotstable@a=\toks48
)
("C:\Program Files\MiKTeX 2.9\tex\generic\pgfplots\liststructure\pgfplotsdeque.
code.tex")
("C:\Program Files\MiKTeX 2.9\tex\generic\pgfplots\util\pgfplotsbinary.code.tex
"
("C:\Program Files\MiKTeX 2.9\tex\generic\pgfplots\util\pgfplotsbinary.data.cod
e.tex"))
("C:\Program Files\MiKTeX 2.9\tex\generic\pgfplots\util\pgfplotsutil.verb.code.
tex")
("C:\Program Files\MiKTeX 2.9\tex\generic\pgfplots\libs\pgflibrarypgfplots.surf
shading.code.tex"
\c@pgfplotslibrarysurf@no=\count147

("C:\Program Files\MiKTeX 2.9\tex\generic\pgfplots\sys\pgflibrarypgfplots.surfs
hading.pgfsys-pdftex.def")))
("C:\Program Files\MiKTeX 2.9\tex\generic\pgfplots\util\pgfplotscolormap.code.t
ex"
("C:\Program Files\MiKTeX 2.9\tex\generic\pgfplots\util\pgfplotscolor.code.tex"
))
("C:\Program Files\MiKTeX 2.9\tex\generic\pgfplots\pgfplotsstackedplots.code.te
x")
("C:\Program Files\MiKTeX 2.9\tex\generic\pgfplots\pgfplotsplothandlers.code.te
x"
("C:\Program Files\MiKTeX 2.9\tex\generic\pgfplots\pgfplotsmeshplothandler.code
.tex"))
("C:\Program Files\MiKTeX 2.9\tex\generic\pgfplots\pgfplots.scaling.code.tex")
("C:\Program Files\MiKTeX 2.9\tex\generic\pgfplots\pgfplotscoordprocessing.code
.tex")
("C:\Program Files\MiKTeX 2.9\tex\generic\pgfplots\pgfplots.errorbars.code.tex"
) ("C:\Program Files\MiKTeX 2.9\tex\generic\pgfplots\pgfplots.markers.code.tex"
) ("C:\Program Files\MiKTeX 2.9\tex\generic\pgfplots\pgfplotsticks.code.tex")
("C:\Program Files\MiKTeX 2.9\tex\generic\pgfplots\pgfplots.paths.code.tex")
("C:\Program Files\MiKTeX 2.9\tex\generic\pgf\frontendlayer\tikz\libraries\tikz
librarydecorations.code.tex"
("C:\Program Files\MiKTeX 2.9\tex\generic\pgf\modules\pgfmoduledecorations.code
.tex"
\pgfdecoratedcompleteddistance=\dimen212
\pgfdecoratedremainingdistance=\dimen213
\pgfdecoratedinputsegmentcompleteddistance=\dimen214
\pgfdecoratedinputsegmentremainingdistance=\dimen215
\pgf@decorate@distancetomove=\dimen216
\pgf@decorate@repeatstate=\count148
\pgfdecorationsegmentamplitude=\dimen217
\pgfdecorationsegmentlength=\dimen218
)
\tikz@lib@dec@box=\box49
)
("C:\Program Files\MiKTeX 2.9\tex\generic\pgf\frontendlayer\tikz\libraries\tikz
librarydecorations.pathmorphing.code.tex"
("C:\Program Files\MiKTeX 2.9\tex\generic\pgf\libraries\decorations\pgflibraryd
ecorations.pathmorphing.code.tex"))
("C:\Program Files\MiKTeX 2.9\tex\generic\pgf\frontendlayer\tikz\libraries\tikz
librarydecorations.pathreplacing.code.tex"
("C:\Program Files\MiKTeX 2.9\tex\generic\pgf\libraries\decorations\pgflibraryd
ecorations.pathreplacing.code.tex"))
\pgfplots@numplots=\count149
\pgfplots@xmin@reg=\dimen219
\pgfplots@xmax@reg=\dimen220
\pgfplots@ymin@reg=\dimen221
\pgfplots@ymax@reg=\dimen222
\pgfplots@zmin@reg=\dimen223
\pgfplots@zmax@reg=\dimen224
)
("C:\Program Files\MiKTeX 2.9\tex\generic\pgf\frontendlayer\tikz\libraries\tikz
libraryplotmarks.code.tex"
File: tikzlibraryplotmarks.code.tex 2008/01/09 v3.0.1 (rcs-revision 1.1)

("C:\Program Files\MiKTeX 2.9\tex\generic\pgf\libraries\pgflibraryplotmarks.cod
e.tex"
File: pgflibraryplotmarks.code.tex 2015/08/03 v3.0.1 (rcs-revision 1.14)
))) ("C:\Program Files\MiKTeX 2.9\tex\latex\hyperref\hyperref.sty"
Package: hyperref 2012/11/06 v6.83m Hypertext links for LaTeX

("C:\Program Files\MiKTeX 2.9\tex\generic\oberdiek\hobsub-hyperref.sty"
Package: hobsub-hyperref 2012/04/25 v1.12 Bundle oberdiek, subset hyperref (HO)


("C:\Program Files\MiKTeX 2.9\tex\generic\oberdiek\hobsub-generic.sty"
Package: hobsub-generic 2012/04/25 v1.12 Bundle oberdiek, subset generic (HO)
Package: hobsub 2012/04/25 v1.12 Construct package bundles (HO)
Package hobsub Info: Skipping package `infwarerr' (already loaded).
Package hobsub Info: Skipping package `ltxcmds' (already loaded).
Package: ifluatex 2010/03/01 v1.3 Provides the ifluatex switch (HO)
Package ifluatex Info: LuaTeX not detected.
Package: ifvtex 2010/03/01 v1.5 Detect VTeX and its facilities (HO)
Package ifvtex Info: VTeX not detected.
Package: intcalc 2007/09/27 v1.1 Expandable calculations with integers (HO)
Package hobsub Info: Skipping package `ifpdf' (already loaded).
Package: etexcmds 2011/02/16 v1.5 Avoid name clashes with e-TeX commands (HO)
Package etexcmds Info: Could not find \expanded.
(etexcmds)             That can mean that you are not using pdfTeX 1.50 or
(etexcmds)             that some package has redefined \expanded.
(etexcmds)             In the latter case, load this package earlier.
Package: kvsetkeys 2012/04/25 v1.16 Key value parser (HO)
Package: kvdefinekeys 2011/04/07 v1.3 Define keys (HO)
Package: pdftexcmds 2011/11/29 v0.20 Utility functions of pdfTeX for LuaTeX (HO
)
Package pdftexcmds Info: LuaTeX not detected.
Package pdftexcmds Info: \pdf@primitive is available.
Package pdftexcmds Info: \pdf@ifprimitive is available.
Package pdftexcmds Info: \pdfdraftmode found.
Package: pdfescape 2011/11/25 v1.13 Implements pdfTeX's escape features (HO)
Package: bigintcalc 2012/04/08 v1.3 Expandable calculations on big integers (HO
)
Package: bitset 2011/01/30 v1.1 Handle bit-vector datatype (HO)
Package: uniquecounter 2011/01/30 v1.2 Provide unlimited unique counter (HO)
)
Package hobsub Info: Skipping package `hobsub' (already loaded).
Package: letltxmacro 2010/09/02 v1.4 Let assignment for LaTeX macros (HO)
Package: hopatch 2011/06/24 v1.1 Wrapper for package hooks (HO)
Package: xcolor-patch 2011/01/30 xcolor patch
Package: atveryend 2011/06/30 v1.8 Hooks at the very end of document (HO)
Package atveryend Info: \enddocument detected (standard20110627).
Package: atbegshi 2011/10/05 v1.16 At begin shipout hook (HO)
Package: refcount 2011/10/16 v3.4 Data extraction from label references (HO)
Package: hycolor 2011/01/30 v1.7 Color options for hyperref/bookmark (HO)
)
("C:\Program Files\MiKTeX 2.9\tex\generic\ifxetex\ifxetex.sty"
Package: ifxetex 2010/09/12 v0.6 Provides ifxetex conditional
)
("C:\Program Files\MiKTeX 2.9\tex\latex\oberdiek\auxhook.sty"
Package: auxhook 2011/03/04 v1.3 Hooks for auxiliary files (HO)
)
("C:\Program Files\MiKTeX 2.9\tex\latex\oberdiek\kvoptions.sty"
Package: kvoptions 2011/06/30 v3.11 Key value format for package options (HO)
)
\@linkdim=\dimen225
\Hy@linkcounter=\count150
\Hy@pagecounter=\count151

("C:\Program Files\MiKTeX 2.9\tex\latex\hyperref\pd1enc.def"
File: pd1enc.def 2012/11/06 v6.83m Hyperref: PDFDocEncoding definition (HO)
Now handling font encoding PD1 ...
... no UTF-8 mapping file for font encoding PD1
)
\Hy@SavedSpaceFactor=\count152

("C:\Program Files\MiKTeX 2.9\tex\latex\00miktex\hyperref.cfg"
File: hyperref.cfg 2002/06/06 v1.2 hyperref configuration of TeXLive
)
Package hyperref Info: Option `colorlinks' set `true' on input line 4319.
Package hyperref Info: Hyper figures OFF on input line 4443.
Package hyperref Info: Link nesting OFF on input line 4448.
Package hyperref Info: Hyper index ON on input line 4451.
Package hyperref Info: Plain pages OFF on input line 4458.
Package hyperref Info: Backreferencing OFF on input line 4463.
Package hyperref Info: Implicit mode ON; LaTeX internals redefined.
Package hyperref Info: Bookmarks ON on input line 4688.
\c@Hy@tempcnt=\count153
LaTeX Info: Redefining \url on input line 5041.
\XeTeXLinkMargin=\dimen226
\Fld@menulength=\count154
\Field@Width=\dimen227
\Fld@charsize=\dimen228
Package hyperref Info: Hyper figures OFF on input line 6295.
Package hyperref Info: Link nesting OFF on input line 6300.
Package hyperref Info: Hyper index ON on input line 6303.
Package hyperref Info: backreferencing OFF on input line 6310.
Package hyperref Info: Link coloring ON on input line 6313.
Package hyperref Info: Link coloring with OCG OFF on input line 6320.
Package hyperref Info: PDF/A mode OFF on input line 6325.
LaTeX Info: Redefining \ref on input line 6365.
LaTeX Info: Redefining \pageref on input line 6369.
\Hy@abspage=\count155
\c@Item=\count156
\c@Hfootnote=\count157
)

Package hyperref Message: Driver (autodetected): hpdftex.

("C:\Program Files\MiKTeX 2.9\tex\latex\hyperref\hpdftex.def"
File: hpdftex.def 2012/11/06 v6.83m Hyperref driver for pdfTeX
\Fld@listcount=\count158
\c@bookmark@seq@number=\count159

("C:\Program Files\MiKTeX 2.9\tex\latex\oberdiek\rerunfilecheck.sty"
Package: rerunfilecheck 2011/04/15 v1.7 Rerun checks for auxiliary files (HO)
Package uniquecounter Info: New unique counter `rerunfilecheck' on input line 2
82.
)
\Hy@SectionHShift=\skip58
)
("C:\Program Files\MiKTeX 2.9\tex\latex\geometry\geometry.sty"
Package: geometry 2010/09/12 v5.6 Page Geometry
\Gm@cnth=\count160
\Gm@cntv=\count161
\c@Gm@tempcnt=\count162
\Gm@bindingoffset=\dimen229
\Gm@wd@mp=\dimen230
\Gm@odd@mp=\dimen231
\Gm@even@mp=\dimen232
\Gm@layoutwidth=\dimen233
\Gm@layoutheight=\dimen256
\Gm@layouthoffset=\dimen257
\Gm@layoutvoffset=\dimen258
\Gm@dimlist=\toks49

("C:\Program Files\MiKTeX 2.9\tex\latex\geometry\geometry.cfg"))
("C:\Program Files\MiKTeX 2.9\tex\latex\listings\lstlang1.sty"
File: lstlang1.sty 2015/06/04 1.6 listings language file
)
("C:\Program Files\MiKTeX 2.9\tex\latex\listings\lstlang2.sty"
File: lstlang2.sty 2015/06/04 1.6 listings language file
)
(Dokumentation.aux)
LaTeX Font Info:    Checking defaults for OML/cmm/m/it on input line 61.
LaTeX Font Info:    ... okay on input line 61.
LaTeX Font Info:    Checking defaults for T1/cmr/m/n on input line 61.
LaTeX Font Info:    ... okay on input line 61.
LaTeX Font Info:    Checking defaults for OT1/cmr/m/n on input line 61.
LaTeX Font Info:    ... okay on input line 61.
LaTeX Font Info:    Checking defaults for OMS/cmsy/m/n on input line 61.
LaTeX Font Info:    ... okay on input line 61.
LaTeX Font Info:    Checking defaults for OMX/cmex/m/n on input line 61.
LaTeX Font Info:    ... okay on input line 61.
LaTeX Font Info:    Checking defaults for U/cmr/m/n on input line 61.
LaTeX Font Info:    ... okay on input line 61.
LaTeX Font Info:    Checking defaults for PD1/pdf/m/n on input line 61.
LaTeX Font Info:    ... okay on input line 61.
LaTeX Font Info:    Try loading font information for T1+lmr on input line 61.
 ("C:\Program Files\MiKTeX 2.9\tex\latex\lm\t1lmr.fd"
File: t1lmr.fd 2009/10/30 v1.6 Font defs for Latin Modern
)
\c@lstlisting=\count163

("C:\Program Files\MiKTeX 2.9\tex\context\base\supp-pdf.mkii"
[Loading MPS to PDF converter (version 2006.09.02).]
\scratchcounter=\count164
\scratchdimen=\dimen259
\scratchbox=\box50
\nofMPsegments=\count165
\nofMParguments=\count166
\everyMPshowfont=\toks50
\MPscratchCnt=\count167
\MPscratchDim=\dimen260
\MPnumerator=\count168
\makeMPintoPDFobject=\count169
\everyMPtoPDFconversion=\toks51
)
LaTeX Font Info:    Try loading font information for OT1+lmr on input line 61.
 ("C:\Program Files\MiKTeX 2.9\tex\latex\lm\ot1lmr.fd"
File: ot1lmr.fd 2009/10/30 v1.6 Font defs for Latin Modern
)
LaTeX Font Info:    Try loading font information for OML+lmm on input line 61.

("C:\Program Files\MiKTeX 2.9\tex\latex\lm\omllmm.fd"
File: omllmm.fd 2009/10/30 v1.6 Font defs for Latin Modern
)
LaTeX Font Info:    Try loading font information for OMS+lmsy on input line 61.


("C:\Program Files\MiKTeX 2.9\tex\latex\lm\omslmsy.fd"
File: omslmsy.fd 2009/10/30 v1.6 Font defs for Latin Modern
)
LaTeX Font Info:    Try loading font information for OMX+lmex on input line 61.


("C:\Program Files\MiKTeX 2.9\tex\latex\lm\omxlmex.fd"
File: omxlmex.fd 2009/10/30 v1.6 Font defs for Latin Modern
)
LaTeX Font Info:    External font `lmex10' loaded for size
(Font)              <10> on input line 61.
LaTeX Font Info:    External font `lmex10' loaded for size
(Font)              <7> on input line 61.
LaTeX Font Info:    External font `lmex10' loaded for size
(Font)              <5> on input line 61.
LaTeX Font Info:    Try loading font information for U+msa on input line 61.

("C:\Program Files\MiKTeX 2.9\tex\latex\amsfonts\umsa.fd"
File: umsa.fd 2013/01/14 v3.01 AMS symbols A
)
LaTeX Font Info:    Try loading font information for U+msb on input line 61.

("C:\Program Files\MiKTeX 2.9\tex\latex\amsfonts\umsb.fd"
File: umsb.fd 2013/01/14 v3.01 AMS symbols B
)
Package xypdf Info: Line width: 0.39998pt on input line 61.

ABD: EveryShipout initializing macros

Package pgfplots Warning: running in backwards compatibility mode (unsuitable t
ick labels; missing features). Consider writing \pgfplotsset{compat=1.12} into 
your preamble.
 on input line 61.

\AtBeginShipoutBox=\box51
Package hyperref Info: Link coloring ON on input line 61.
("C:\Program Files\MiKTeX 2.9\tex\latex\hyperref\nameref.sty"
Package: nameref 2012/10/27 v2.43 Cross-referencing by name of section

("C:\Program Files\MiKTeX 2.9\tex\generic\oberdiek\gettitlestring.sty"
Package: gettitlestring 2010/12/03 v1.4 Cleanup title references (HO)
)
\c@section@level=\count170
)
LaTeX Info: Redefining \ref on input line 61.
LaTeX Info: Redefining \pageref on input line 61.
LaTeX Info: Redefining \nameref on input line 61.

(Dokumentation.out) (Dokumentation.out)
\@outlinefile=\write5

*geometry* driver: auto-detecting
*geometry* detected driver: pdftex
*geometry* verbose mode - [ preamble ] result:
* driver: pdftex
* paper: a4paper
* layout: <same size as paper>
* layoutoffset:(h,v)=(0.0pt,0.0pt)
* modes: 
* h-part:(L,W,R)=(56.9055pt, 483.69687pt, 56.9055pt)
* v-part:(T,H,B)=(56.9055pt, 731.23584pt, 56.9055pt)
* \paperwidth=597.50787pt
* \paperheight=845.04684pt
* \textwidth=483.69687pt
* \textheight=731.23584pt
* \oddsidemargin=-15.36449pt
* \evensidemargin=-15.36449pt
* \topmargin=-48.36449pt
* \headheight=15.0pt
* \headsep=18.0pt
* \topskip=10.0pt
* \footskip=42.0pt
* \marginparwidth=74.68849pt
* \marginparsep=12.8401pt
* \columnsep=10.0pt
* \skip\footins=9.0pt plus 4.0pt minus 2.0pt
* \hoffset=0.0pt
* \voffset=0.0pt
* \mag=1000
* \@twocolumnfalse
* \@twosidefalse
* \@mparswitchfalse
* \@reversemarginfalse
* (1in=72.27pt=25.4mm, 1cm=28.453pt)

LaTeX Font Info:    Try loading font information for T1+lmss on input line 63.
("C:\Program Files\MiKTeX 2.9\tex\latex\lm\t1lmss.fd"
File: t1lmss.fd 2009/10/30 v1.6 Font defs for Latin Modern
)
LaTeX Font Info:    External font `lmex10' loaded for size
(Font)              <14.4> on input line 63.
 (Dokumentation.toc)
\tf@toc=\write6
Package babel Info: Redefining german shorthand "f
(babel)             in language  on input line 64.
Package babel Info: Redefining german shorthand "|
(babel)             in language  on input line 64.
Package babel Info: Redefining german shorthand "~
(babel)             in language  on input line 64.
LaTeX Font Info:    Try loading font information for OMS+lmr on input line 68.

("C:\Program Files\MiKTeX 2.9\tex\latex\lm\omslmr.fd"
File: omslmr.fd 2009/10/30 v1.6 Font defs for Latin Modern
)
LaTeX Font Info:    Font shape `OMS/lmr/m/n' in size <10> not available
(Font)              Font shape `OMS/lmsy/m/n' tried instead on input line 68.

Underfull \hbox (badness 10000) in paragraph at lines 71--72

 []

<xymatrix

LaTeX Warning: Command \" invalid in math mode on input line 83.


LaTeX Warning: Command \" invalid in math mode on input line 83.


LaTeX Warning: Command \" invalid in math mode on input line 83.

8x4

LaTeX Warning: Command \" invalid in math mode on input line 83.


LaTeX Warning: Command \" invalid in math mode on input line 83.


LaTeX Warning: Command \" invalid in math mode on input line 83.


LaTeX Warning: Command \" invalid in math mode on input line 83.


LaTeX Warning: Command \" invalid in math mode on input line 83.


LaTeX Warning: Command \" invalid in math mode on input line 83.

1020>
LaTeX Font Info:    External font `lmex10' loaded for size
(Font)              <9> on input line 93.
LaTeX Font Info:    External font `lmex10' loaded for size
(Font)              <6> on input line 93.

===> dbg String: Beginn \str@kt
===> dbg String: rectangle size
===> dbg Coord:  (Ursprung) (\x@nss, \y@nss) = (0, 143000)
===> dbg Count:  (Breite) \xsize@nss = 160000
===> dbg String: Beginn \@assign
===> dbg Coord:  (Ursprung) (\x@nss, \y@nss) = (0, 143000)
===> dbg Count:  (Breite) \xsize@nss = 160000
===> dbg String: Beginn \set@nss

LaTeX Warning: Command \" invalid in math mode on input line 103.


LaTeX Warning: Command \" invalid in math mode on input line 103.


Underfull \hbox (badness 10000) in paragraph at lines 103--103

 []


Underfull \hbox (badness 10000) in paragraph at lines 103--103

 []


LaTeX Warning: Command \" invalid in math mode on input line 103.


LaTeX Warning: Command \" invalid in math mode on input line 103.


Underfull \hbox (badness 10000) in paragraph at lines 103--103

 []


LaTeX Warning: Command \" invalid in math mode on input line 103.


LaTeX Warning: Command \" invalid in math mode on input line 103.


Underfull \hbox (badness 10000) in paragraph at lines 103--103

 []


LaTeX Warning: Command \" invalid in math mode on input line 103.


LaTeX Warning: Command \" invalid in math mode on input line 103.


Underfull \hbox (badness 10000) in paragraph at lines 103--103

 []


Underfull \hbox (badness 10000) in paragraph at lines 103--103

 []


LaTeX Warning: Command \" invalid in math mode on input line 103.


LaTeX Warning: Command \" invalid in math mode on input line 103.


Underfull \hbox (badness 10000) in paragraph at lines 103--103

 []


LaTeX Warning: Command \" invalid in math mode on input line 103.


LaTeX Warning: Command \" invalid in math mode on input line 103.


Underfull \hbox (badness 10000) in paragraph at lines 103--103

 []


Underfull \hbox (badness 10000) in paragraph at lines 103--103

 []

===> dbg String: Beginn \block@nss
===> dbg Count:  \ydepth@nss = 0
===> dbg Count:  (original) \TextBoxHt@nss = 129.0787pt
===> dbg Count:  (korrigiert) \TextBoxHt@nss = 129.0787pt
===> dbg Count:  (skaliert) \TextBoxHt@nss = 0.69131pt
===> dbg Coord:  (Ursprung) (\x@nss, \y@nss) = (0, 97694)
===> dbg Coord:  (Breite, Hoehe) (\xsize@nss, \ydepth@nss) = (160000, 45306)
===> dbg String: Ende \@assign
===> dbg Coord:  (Ursprung) (\x@nss, \y@nss) = (0, 97694)
===> dbg String: Beginn \@ifthenelse@nss

Overfull \hbox (17.22226pt too wide) in paragraph at lines 104--104
[]\T1/lmr/m/n/10 .0pt 
 []


Underfull \hbox (badness 10000) in paragraph at lines 104--104
 |\T1/lmr/m/n/10 wert = FFla-schen-an-zahl 
 []

LaTeX Font Info:    Try loading font information for T1+lmtt on input line 104.

("C:\Program Files\MiKTeX 2.9\tex\latex\lm\t1lmtt.fd"
File: t1lmtt.fd 2009/10/30 v1.6 Font defs for Latin Modern
)
===> dbg String: Beginn \str@kt
===> dbg String: rectangle size
===> dbg Coord:  (Ursprung) (\x@nss, \y@nss) = (0, 82694)
===> dbg Count:  (Breite) \xsize@nss = 120000
===> dbg String: Ende \@ifthenelse@nss
===> dbg String: Beginn \@assign
===> dbg Coord:  (Ursprung) (\x@nss, \y@nss) = (0, 82694)
===> dbg Count:  (Breite) \xsize@nss = 120000
===> dbg String: Beginn \set@nss

LaTeX Warning: Command \" invalid in math mode on input line 105.


LaTeX Warning: Command \" invalid in math mode on input line 105.


LaTeX Warning: Command \" invalid in math mode on input line 105.


LaTeX Warning: Command \" invalid in math mode on input line 105.

===> dbg String: Beginn \block@nss
===> dbg Count:  \ydepth@nss = 45306
===> dbg Count:  (original) \TextBoxHt@nss = 14.82928pt
===> dbg Count:  (korrigiert) \TextBoxHt@nss = 14.82928pt
===> dbg Count:  (skaliert) \TextBoxHt@nss = 0.07942pt
===> dbg Coord:  (Ursprung) (\x@nss, \y@nss) = (0, 77489)
===> dbg Coord:  (Breite, Hoehe) (\xsize@nss, \ydepth@nss) = (120000, 5205)
===> dbg String: Ende \@assign
===> dbg Coord:  (Ursprung) (\x@nss, \y@nss) = (0, 77489)
===> dbg String: Beginn \set@nss
===> dbg String: Beginn \block@nss
===> dbg Count:  \ydepth@nss = 5205
===> dbg Count:  (original) \TextBoxHt@nss = 11.94054pt
===> dbg Count:  (korrigiert) \TextBoxHt@nss = 11.94054pt
===> dbg Count:  (skaliert) \TextBoxHt@nss = 0.06395pt
===> dbg Coord:  (Ursprung) (\x@nss, \y@nss) = (0, 73298)
===> dbg Coord:  (Breite, Hoehe) (\xsize@nss, \ydepth@nss) = (120000, 4191)
===> dbg String: \change
===> dbg String: Ende \str@kt
===> dbg String: Beginn \str@kt
===> dbg String: rectangle size
===> dbg Coord:  (Ursprung) (\x@nss, \y@nss) = (120000, 82694)
===> dbg Count:  (Breite) \xsize@nss = 40000
===> dbg String: Beginn \ifend@nss
===> dbg String: Ende \ifend@nss
===> dbg String: Beginn \@ifthenelse@nss

Overfull \hbox (17.22226pt too wide) in paragraph at lines 109--109
[]\T1/lmr/m/n/10 .0pt 
 []


Underfull \hbox (badness 10000) in paragraph at lines 109--109
 |\T1/lmr/m/n/10 wert > FFla-schen-an-zahl 
 []

===> dbg String: Beginn \str@kt
===> dbg String: rectangle size
===> dbg Coord:  (Ursprung) (\x@nss, \y@nss) = (0, 58298)
===> dbg Count:  (Breite) \xsize@nss = 120000
===> dbg String: Ende \@ifthenelse@nss
===> dbg String: Beginn \set@nss
===> dbg String: Beginn \block@nss
===> dbg Count:  \ydepth@nss = 73298
===> dbg Count:  (original) \TextBoxHt@nss = 14.82928pt
===> dbg Count:  (korrigiert) \TextBoxHt@nss = 14.82928pt
===> dbg Count:  (skaliert) \TextBoxHt@nss = 0.07942pt
===> dbg Coord:  (Ursprung) (\x@nss, \y@nss) = (0, 53093)
===> dbg Coord:  (Breite, Hoehe) (\xsize@nss, \ydepth@nss) = (120000, 5205)
===> dbg String: \change
===> dbg String: Ende \str@kt
===> dbg String: Beginn \str@kt
===> dbg String: rectangle size
===> dbg Coord:  (Ursprung) (\x@nss, \y@nss) = (120000, 58298)
===> dbg Count:  (Breite) \xsize@nss = 40000
===> dbg String: Beginn \ifend@nss
===> dbg String: Ende \ifend@nss
===> dbg String: Beginn \@ifthenelse@nss

Overfull \hbox (17.22226pt too wide) in paragraph at lines 113--113
[]\T1/lmr/m/n/10 .0pt 
 []

===> dbg String: Beginn \str@kt
===> dbg String: rectangle size
===> dbg Coord:  (Ursprung) (\x@nss, \y@nss) = (0, 38093)
===> dbg Count:  (Breite) \xsize@nss = 120000
===> dbg String: Ende \@ifthenelse@nss
===> dbg String: Beginn \set@nss
===> dbg String: Beginn \block@nss
===> dbg Count:  \ydepth@nss = 53093
===> dbg Count:  (original) \TextBoxHt@nss = 14.82928pt
===> dbg Count:  (korrigiert) \TextBoxHt@nss = 14.82928pt
===> dbg Count:  (skaliert) \TextBoxHt@nss = 0.07942pt
===> dbg Coord:  (Ursprung) (\x@nss, \y@nss) = (0, 32888)
===> dbg Coord:  (Breite, Hoehe) (\xsize@nss, \ydepth@nss) = (120000, 5205)
===> dbg String: \change
===> dbg String: Ende \str@kt
===> dbg String: Beginn \str@kt
===> dbg String: rectangle size
===> dbg Coord:  (Ursprung) (\x@nss, \y@nss) = (120000, 38093)
===> dbg Count:  (Breite) \xsize@nss = 40000
===> dbg String: Beginn \ifend@nss
===> dbg String: Ende \ifend@nss
===> dbg String: Beginn \set@nss
===> dbg String: Beginn \block@nss
===> dbg Count:  \ydepth@nss = 32888
===> dbg Count:  (original) \TextBoxHt@nss = 18.60703pt
===> dbg Count:  (korrigiert) \TextBoxHt@nss = 18.60703pt
===> dbg Count:  (skaliert) \TextBoxHt@nss = 0.09966pt
===> dbg Coord:  (Ursprung) (\x@nss, \y@nss) = (0, 26357)
===> dbg Coord:  (Breite, Hoehe) (\xsize@nss, \ydepth@nss) = (160000, 6531)
===> dbg String: Beginn \str@kt
===> dbg String: rectangle size
===> dbg Coord:  (Ursprung) (\x@nss, \y@nss) = (6531, 26357)
===> dbg Count:  (Breite) \xsize@nss = 153469
===> dbg String: Beginn \@assign
===> dbg Coord:  (Ursprung) (\x@nss, \y@nss) = (6531, 26357)
===> dbg Count:  (Breite) \xsize@nss = 153469
===> dbg String: Beginn \set@nss
===> dbg String: Beginn \block@nss
===> dbg Count:  \ydepth@nss = 6531
===> dbg Count:  (original) \TextBoxHt@nss = 27.69054pt
===> dbg Count:  (korrigiert) \TextBoxHt@nss = 27.69054pt
===> dbg Count:  (skaliert) \TextBoxHt@nss = 0.1483pt
===> dbg Coord:  (Ursprung) (\x@nss, \y@nss) = (6531, 16638)
===> dbg Coord:  (Breite, Hoehe) (\xsize@nss, \ydepth@nss) = (153469, 9719)
===> dbg String: Ende \@assign
===> dbg Coord:  (Ursprung) (\x@nss, \y@nss) = (6531, 16638)
===> dbg String: Beginn \@assign
===> dbg Coord:  (Ursprung) (\x@nss, \y@nss) = (6531, 16638)
===> dbg Count:  (Breite) \xsize@nss = 153469
===> dbg String: Beginn \set@nss
===> dbg String: Beginn \block@nss
===> dbg Count:  \ydepth@nss = 9719
===> dbg Count:  (original) \TextBoxHt@nss = 27.69054pt
===> dbg Count:  (korrigiert) \TextBoxHt@nss = 27.69054pt
===> dbg Count:  (skaliert) \TextBoxHt@nss = 0.1483pt
===> dbg Coord:  (Ursprung) (\x@nss, \y@nss) = (6531, 6919)
===> dbg Coord:  (Breite, Hoehe) (\xsize@nss, \ydepth@nss) = (153469, 9719)
===> dbg String: Ende \@assign
===> dbg Coord:  (Ursprung) (\x@nss, \y@nss) = (6531, 6919)
===> dbg String: Ende \str@kt
===> dbg String: Ende \str@kt

Overfull \hbox (1.29889pt too wide) in paragraph at lines 93--122
[] 
 []


Underfull \hbox (badness 10000) in paragraph at lines 87--126

 []

Package babel Info: Redefining german shorthand "f
(babel)             in language  on input line 126.
Package babel Info: Redefining german shorthand "|
(babel)             in language  on input line 126.
Package babel Info: Redefining german shorthand "~
(babel)             in language  on input line 126.

Underfull \hbox (badness 10000) in paragraph at lines 127--131

 []

Package babel Info: Redefining german shorthand "f
(babel)             in language  on input line 131.
Package babel Info: Redefining german shorthand "|
(babel)             in language  on input line 131.
Package babel Info: Redefining german shorthand "~
(babel)             in language  on input line 131.
Package babel Info: Redefining german shorthand "f
(babel)             in language  on input line 131.
Package babel Info: Redefining german shorthand "|
(babel)             in language  on input line 131.
Package babel Info: Redefining german shorthand "~
(babel)             in language  on input line 131.
[1


{C:/ProgramData/MiKTeX/2.9/pdftex/config/pdftex.map}]
Package babel Info: Redefining german shorthand "f
(babel)             in language  on input line 131.
Package babel Info: Redefining german shorthand "|
(babel)             in language  on input line 131.
Package babel Info: Redefining german shorthand "~
(babel)             in language  on input line 131.
Package babel Info: Redefining german shorthand "f
(babel)             in language  on input line 131.
Package babel Info: Redefining german shorthand "|
(babel)             in language  on input line 131.
Package babel Info: Redefining german shorthand "~
(babel)             in language  on input line 131.
 [2]
Underfull \hbox (badness 10000) in paragraph at lines 143--145

 []


Underfull \hbox (badness 10000) in paragraph at lines 146--147

 []

Package babel Info: Redefining german shorthand "f
(babel)             in language  on input line 152.
Package babel Info: Redefining german shorthand "|
(babel)             in language  on input line 152.
Package babel Info: Redefining german shorthand "~
(babel)             in language  on input line 152.
Package babel Info: Redefining german shorthand "f
(babel)             in language  on input line 152.
Package babel Info: Redefining german shorthand "|
(babel)             in language  on input line 152.
Package babel Info: Redefining german shorthand "~
(babel)             in language  on input line 152.
[3]
PGFPlots: reading {Laufzeitanalyse.txt}
PGFPlots: reading {Laufzeitanalyse.txt}
Package babel Info: Redefining german shorthand "f
(babel)             in language  on input line 177.
Package babel Info: Redefining german shorthand "|
(babel)             in language  on input line 177.
Package babel Info: Redefining german shorthand "~
(babel)             in language  on input line 177.
 <UML.png, id=94, 348.55219pt x 308.65312pt>
File: UML.png Graphic file (type png)
 <use UML.png>
Package pdftex.def Info: UML.png used on input line 183.
(pdftex.def)             Requested size: 348.55132pt x 308.65236pt.

===> dbg String: Beginn \str@kt
===> dbg String: rectangle size
===> dbg Coord:  (Ursprung) (\x@nss, \y@nss) = (0, 151000)
===> dbg Count:  (Breite) \xsize@nss = 170000
===> dbg String: Beginn \@assign
===> dbg Coord:  (Ursprung) (\x@nss, \y@nss) = (0, 151000)
===> dbg Count:  (Breite) \xsize@nss = 170000
===> dbg String: Beginn \set@nss

LaTeX Warning: Command \" invalid in math mode on input line 203.


LaTeX Warning: Command \" invalid in math mode on input line 203.


Underfull \hbox (badness 10000) in paragraph at lines 203--203

 []


Underfull \hbox (badness 10000) in paragraph at lines 203--203

 []


LaTeX Warning: Command \" invalid in math mode on input line 203.


LaTeX Warning: Command \" invalid in math mode on input line 203.


Underfull \hbox (badness 10000) in paragraph at lines 203--203

 []


Underfull \hbox (badness 10000) in paragraph at lines 203--203

 []


LaTeX Warning: Command \" invalid in math mode on input line 203.


LaTeX Warning: Command \" invalid in math mode on input line 203.


Underfull \hbox (badness 10000) in paragraph at lines 203--203

 []


Underfull \hbox (badness 10000) in paragraph at lines 203--203

 []


LaTeX Warning: Command \" invalid in math mode on input line 203.


LaTeX Warning: Command \" invalid in math mode on input line 203.


Underfull \hbox (badness 10000) in paragraph at lines 203--203

 []


Underfull \hbox (badness 10000) in paragraph at lines 203--203

 []


Underfull \hbox (badness 10000) in paragraph at lines 203--203

 []

===> dbg String: Beginn \block@nss
===> dbg Count:  \ydepth@nss = 0
===> dbg Count:  (original) \TextBoxHt@nss = 117.0787pt
===> dbg Count:  (korrigiert) \TextBoxHt@nss = 117.0787pt
===> dbg Count:  (skaliert) \TextBoxHt@nss = 0.62704pt
===> dbg Coord:  (Ursprung) (\x@nss, \y@nss) = (0, 109906)
===> dbg Coord:  (Breite, Hoehe) (\xsize@nss, \ydepth@nss) = (170000, 41094)
===> dbg String: Ende \@assign
===> dbg Coord:  (Ursprung) (\x@nss, \y@nss) = (0, 109906)
===> dbg String: Beginn \@assign
===> dbg Coord:  (Ursprung) (\x@nss, \y@nss) = (0, 109906)
===> dbg Count:  (Breite) \xsize@nss = 170000
===> dbg String: Beginn \set@nss
===> dbg String: Beginn \block@nss
===> dbg Count:  \ydepth@nss = 41094
===> dbg Count:  (original) \TextBoxHt@nss = 15.69054pt
===> dbg Count:  (korrigiert) \TextBoxHt@nss = 15.69054pt
===> dbg Count:  (skaliert) \TextBoxHt@nss = 0.08403pt
===> dbg Coord:  (Ursprung) (\x@nss, \y@nss) = (0, 104399)
===> dbg Coord:  (Breite, Hoehe) (\xsize@nss, \ydepth@nss) = (170000, 5507)
===> dbg String: Ende \@assign
===> dbg Coord:  (Ursprung) (\x@nss, \y@nss) = (0, 104399)
===> dbg String: Beginn \set@nss
===> dbg String: Beginn \block@nss
===> dbg Count:  \ydepth@nss = 5507
===> dbg Count:  (original) \TextBoxHt@nss = 18.60703pt
===> dbg Count:  (korrigiert) \TextBoxHt@nss = 18.60703pt
===> dbg Count:  (skaliert) \TextBoxHt@nss = 0.09966pt
===> dbg Coord:  (Ursprung) (\x@nss, \y@nss) = (0, 97868)
===> dbg Coord:  (Breite, Hoehe) (\xsize@nss, \ydepth@nss) = (170000, 6531)
===> dbg String: Beginn \str@kt
===> dbg String: rectangle size
===> dbg Coord:  (Ursprung) (\x@nss, \y@nss) = (6531, 97868)
===> dbg Count:  (Breite) \xsize@nss = 163469
===> dbg String: Beginn \@assign
===> dbg Coord:  (Ursprung) (\x@nss, \y@nss) = (6531, 97868)
===> dbg Count:  (Breite) \xsize@nss = 163469
===> dbg String: Beginn \set@nss
===> dbg String: Beginn \block@nss
===> dbg Count:  \ydepth@nss = 6531
===> dbg Count:  (original) \TextBoxHt@nss = 12.57928pt
===> dbg Count:  (korrigiert) \TextBoxHt@nss = 12.57928pt
===> dbg Count:  (skaliert) \TextBoxHt@nss = 0.06737pt
===> dbg Coord:  (Ursprung) (\x@nss, \y@nss) = (6531, 93453)
===> dbg Coord:  (Breite, Hoehe) (\xsize@nss, \ydepth@nss) = (163469, 4415)
===> dbg String: Ende \@assign
===> dbg Coord:  (Ursprung) (\x@nss, \y@nss) = (6531, 93453)
===> dbg String: Beginn \set@nss
===> dbg String: Beginn \block@nss
===> dbg Count:  \ydepth@nss = 4415
===> dbg Count:  (original) \TextBoxHt@nss = 18.60703pt
===> dbg Count:  (korrigiert) \TextBoxHt@nss = 18.60703pt
===> dbg Count:  (skaliert) \TextBoxHt@nss = 0.09966pt
===> dbg Coord:  (Ursprung) (\x@nss, \y@nss) = (6531, 86922)
===> dbg Coord:  (Breite, Hoehe) (\xsize@nss, \ydepth@nss) = (163469, 6531)
===> dbg String: Beginn \str@kt
===> dbg String: rectangle size
===> dbg Coord:  (Ursprung) (\x@nss, \y@nss) = (13062, 86922)
===> dbg Count:  (Breite) \xsize@nss = 156938
===> dbg String: Beginn \@assign
===> dbg Coord:  (Ursprung) (\x@nss, \y@nss) = (13062, 86922)
===> dbg Count:  (Breite) \xsize@nss = 156938
===> dbg String: Beginn \set@nss
===> dbg String: Beginn \block@nss
===> dbg Count:  \ydepth@nss = 6531
===> dbg Count:  (original) \TextBoxHt@nss = 15.69054pt
===> dbg Count:  (korrigiert) \TextBoxHt@nss = 15.69054pt
===> dbg Count:  (skaliert) \TextBoxHt@nss = 0.08403pt
===> dbg Coord:  (Ursprung) (\x@nss, \y@nss) = (13062, 81415)
===> dbg Coord:  (Breite, Hoehe) (\xsize@nss, \ydepth@nss) = (156938, 5507)
===> dbg String: Ende \@assign
===> dbg Coord:  (Ursprung) (\x@nss, \y@nss) = (13062, 81415)
===> dbg String: Beginn \@assign
===> dbg Coord:  (Ursprung) (\x@nss, \y@nss) = (13062, 81415)
===> dbg Count:  (Breite) \xsize@nss = 156938
===> dbg String: Beginn \set@nss
===> dbg String: Beginn \block@nss
===> dbg Count:  \ydepth@nss = 5507
===> dbg Count:  (original) \TextBoxHt@nss = 25.19054pt
===> dbg Count:  (korrigiert) \TextBoxHt@nss = 25.19054pt
===> dbg Count:  (skaliert) \TextBoxHt@nss = 0.1349pt
===> dbg Coord:  (Ursprung) (\x@nss, \y@nss) = (13062, 72574)
===> dbg Coord:  (Breite, Hoehe) (\xsize@nss, \ydepth@nss) = (156938, 8841)
===> dbg String: Ende \@assign
===> dbg Coord:  (Ursprung) (\x@nss, \y@nss) = (13062, 72574)
===> dbg String: Beginn \@assign
===> dbg Coord:  (Ursprung) (\x@nss, \y@nss) = (13062, 72574)
===> dbg Count:  (Breite) \xsize@nss = 156938
===> dbg String: Beginn \set@nss
===> dbg String: Beginn \block@nss
===> dbg Count:  \ydepth@nss = 8841
===> dbg Count:  (original) \TextBoxHt@nss = 25.19054pt
===> dbg Count:  (korrigiert) \TextBoxHt@nss = 25.19054pt
===> dbg Count:  (skaliert) \TextBoxHt@nss = 0.1349pt
===> dbg Coord:  (Ursprung) (\x@nss, \y@nss) = (13062, 63733)
===> dbg Coord:  (Breite, Hoehe) (\xsize@nss, \ydepth@nss) = (156938, 8841)
===> dbg String: Ende \@assign
===> dbg Coord:  (Ursprung) (\x@nss, \y@nss) = (13062, 63733)
===> dbg String: Ende \str@kt
===> dbg String: Beginn \set@nss
===> dbg String: Beginn \block@nss
===> dbg Count:  \ydepth@nss = 36251
===> dbg Count:  (original) \TextBoxHt@nss = 18.60703pt
===> dbg Count:  (korrigiert) \TextBoxHt@nss = 18.60703pt
===> dbg Count:  (skaliert) \TextBoxHt@nss = 0.09966pt
===> dbg Coord:  (Ursprung) (\x@nss, \y@nss) = (6531, 50671)
===> dbg Coord:  (Breite, Hoehe) (\xsize@nss, \ydepth@nss) = (163469, 6531)
===> dbg String: Beginn \str@kt
===> dbg String: rectangle size
===> dbg Coord:  (Ursprung) (\x@nss, \y@nss) = (13062, 50671)
===> dbg Count:  (Breite) \xsize@nss = 156938
===> dbg String: Beginn \@assign
===> dbg Coord:  (Ursprung) (\x@nss, \y@nss) = (13062, 50671)
===> dbg Count:  (Breite) \xsize@nss = 156938
===> dbg String: Beginn \set@nss
===> dbg String: Beginn \block@nss
===> dbg Count:  \ydepth@nss = 6531
===> dbg Count:  (original) \TextBoxHt@nss = 15.69054pt
===> dbg Count:  (korrigiert) \TextBoxHt@nss = 15.69054pt
===> dbg Count:  (skaliert) \TextBoxHt@nss = 0.08403pt
===> dbg Coord:  (Ursprung) (\x@nss, \y@nss) = (13062, 45164)
===> dbg Coord:  (Breite, Hoehe) (\xsize@nss, \ydepth@nss) = (156938, 5507)
===> dbg String: Ende \@assign
===> dbg Coord:  (Ursprung) (\x@nss, \y@nss) = (13062, 45164)
===> dbg String: Beginn \set@nss
===> dbg String: Beginn \block@nss
===> dbg Count:  \ydepth@nss = 5507
===> dbg Count:  (original) \TextBoxHt@nss = 18.60703pt
===> dbg Count:  (korrigiert) \TextBoxHt@nss = 18.60703pt
===> dbg Count:  (skaliert) \TextBoxHt@nss = 0.09966pt
===> dbg Coord:  (Ursprung) (\x@nss, \y@nss) = (13062, 38633)
===> dbg Coord:  (Breite, Hoehe) (\xsize@nss, \ydepth@nss) = (156938, 6531)
===> dbg String: Beginn \str@kt
===> dbg String: rectangle size
===> dbg Coord:  (Ursprung) (\x@nss, \y@nss) = (19593, 38633)
===> dbg Count:  (Breite) \xsize@nss = 150407
===> dbg String: Beginn \@assign
===> dbg Coord:  (Ursprung) (\x@nss, \y@nss) = (19593, 38633)
===> dbg Count:  (Breite) \xsize@nss = 150407
===> dbg String: Beginn \set@nss
===> dbg String: Beginn \block@nss
===> dbg Count:  \ydepth@nss = 6531
===> dbg Count:  (original) \TextBoxHt@nss = 15.69054pt
===> dbg Count:  (korrigiert) \TextBoxHt@nss = 15.69054pt
===> dbg Count:  (skaliert) \TextBoxHt@nss = 0.08403pt
===> dbg Coord:  (Ursprung) (\x@nss, \y@nss) = (19593, 33126)
===> dbg Coord:  (Breite, Hoehe) (\xsize@nss, \ydepth@nss) = (150407, 5507)
===> dbg String: Ende \@assign
===> dbg Coord:  (Ursprung) (\x@nss, \y@nss) = (19593, 33126)
===> dbg String: Beginn \@assign
===> dbg Coord:  (Ursprung) (\x@nss, \y@nss) = (19593, 33126)
===> dbg Count:  (Breite) \xsize@nss = 150407
===> dbg String: Beginn \set@nss

Underfull \hbox (badness 10000) in paragraph at lines 216--216
\T1/lmr/m/n/10 Knotenarray[length(Knotenarray)-j-Behaelterarray[i]-
 []

===> dbg String: Beginn \block@nss
===> dbg Count:  \ydepth@nss = 5507
===> dbg Count:  (original) \TextBoxHt@nss = 38.94054pt
===> dbg Count:  (korrigiert) \TextBoxHt@nss = 38.94054pt
===> dbg Count:  (skaliert) \TextBoxHt@nss = 0.20856pt
===> dbg Coord:  (Ursprung) (\x@nss, \y@nss) = (19593, 19458)
===> dbg Coord:  (Breite, Hoehe) (\xsize@nss, \ydepth@nss) = (150407, 13668)
===> dbg String: Ende \@assign
===> dbg Coord:  (Ursprung) (\x@nss, \y@nss) = (19593, 19458)
===> dbg String: Ende \str@kt
===> dbg String: Ende \str@kt
===> dbg String: Ende \str@kt
===> dbg String: Ende \str@kt

Overfull \hbox (1.38007pt too wide) in paragraph at lines 193--220
[] 
 []


Overfull \hbox (16.66661pt too wide) in paragraph at lines 191--221
[]|| []
 []

Package babel Info: Redefining german shorthand "f
(babel)             in language  on input line 223.
Package babel Info: Redefining german shorthand "|
(babel)             in language  on input line 223.
Package babel Info: Redefining german shorthand "~
(babel)             in language  on input line 223.
Package babel Info: Redefining german shorthand "f
(babel)             in language  on input line 226.
Package babel Info: Redefining german shorthand "|
(babel)             in language  on input line 226.
Package babel Info: Redefining german shorthand "~
(babel)             in language  on input line 226.
Package babel Info: Redefining german shorthand "f
(babel)             in language  on input line 226.
Package babel Info: Redefining german shorthand "|
(babel)             in language  on input line 226.
Package babel Info: Redefining german shorthand "~
(babel)             in language  on input line 226.
[4]
Package babel Info: Redefining german shorthand "f
(babel)             in language  on input line 226.
Package babel Info: Redefining german shorthand "|
(babel)             in language  on input line 226.
Package babel Info: Redefining german shorthand "~
(babel)             in language  on input line 226.
LaTeX Font Info:    External font `lmex10' loaded for size
(Font)              <12> on input line 232.
LaTeX Font Info:    External font `lmex10' loaded for size
(Font)              <8> on input line 232.

Overfull \hbox (3.9999pt too wide) in paragraph at lines 234--234
 []|\T1/lmr/m/n/12 Kombinations- 
 []


Overfull \hbox (26.68098pt too wide) in paragraph at lines 229--248
 [] 
 []

Package babel Info: Redefining german shorthand "f
(babel)             in language  on input line 249.
Package babel Info: Redefining german shorthand "|
(babel)             in language  on input line 249.
Package babel Info: Redefining german shorthand "~
(babel)             in language  on input line 249.
Package babel Info: Redefining german shorthand "f
(babel)             in language  on input line 251.
Package babel Info: Redefining german shorthand "|
(babel)             in language  on input line 251.
Package babel Info: Redefining german shorthand "~
(babel)             in language  on input line 251.
Package babel Info: Redefining german shorthand "f
(babel)             in language  on input line 251.
Package babel Info: Redefining german shorthand "|
(babel)             in language  on input line 251.
Package babel Info: Redefining german shorthand "~
(babel)             in language  on input line 251.
[5 <./UML.png>]
Package babel Info: Redefining german shorthand "f
(babel)             in language  on input line 251.
Package babel Info: Redefining german shorthand "|
(babel)             in language  on input line 251.
Package babel Info: Redefining german shorthand "~
(babel)             in language  on input line 251.
Package babel Info: Redefining german shorthand "f
(babel)             in language  on input line 251.
Package babel Info: Redefining german shorthand "|
(babel)             in language  on input line 251.
Package babel Info: Redefining german shorthand "~
(babel)             in language  on input line 251.
 [6]
Package babel Info: Redefining german shorthand "f
(babel)             in language  on input line 251.
Package babel Info: Redefining german shorthand "|
(babel)             in language  on input line 251.
Package babel Info: Redefining german shorthand "~
(babel)             in language  on input line 251.
 (../uBaum.pas
LaTeX Font Info:    Font shape `T1/lmtt/bx/n' in size <7> not available
(Font)              Font shape `T1/lmtt/b/n' tried instead on input line 31.
)
Package babel Info: Redefining german shorthand "f
(babel)             in language  on input line 253.
Package babel Info: Redefining german shorthand "|
(babel)             in language  on input line 253.
Package babel Info: Redefining german shorthand "~
(babel)             in language  on input line 253.
 (../uBaum.pas) (Dokumentation.lof)
\tf@lof=\write7
Package babel Info: Redefining german shorthand "f
(babel)             in language  on input line 258.
Package babel Info: Redefining german shorthand "|
(babel)             in language  on input line 258.
Package babel Info: Redefining german shorthand "~
(babel)             in language  on input line 258.
Package babel Info: Redefining german shorthand "f
(babel)             in language  on input line 258.
Package babel Info: Redefining german shorthand "|
(babel)             in language  on input line 258.
Package babel Info: Redefining german shorthand "~
(babel)             in language  on input line 258.
 [7]
Package atveryend Info: Empty hook `BeforeClearDocument' on input line 258.
Package atveryend Info: Empty hook `AfterLastShipout' on input line 258.

(Dokumentation.aux)
Package atveryend Info: Executing hook `AtVeryEndDocument' on input line 258.
Package atveryend Info: Executing hook `AtEndAfterFileList' on input line 258.
Package rerunfilecheck Info: File `Dokumentation.out' has not changed.
(rerunfilecheck)             Checksum: A8DE18DD931034F6A42E86B01B5BA857;464.
Package atveryend Info: Empty hook `AtVeryVeryEnd' on input line 258.
 ) 
Here is how much of TeX's memory you used:
 33910 strings out of 493673
 727708 string characters out of 3143964
 1110417 words of memory out of 3000000
 36539 multiletter control sequences out of 15000+200000
 113632 words of font info for 90 fonts, out of 3000000 for 9000
 1025 hyphenation exceptions out of 8191
 73i,17n,103p,3259b,2179s stack positions out of 5000i,500n,10000p,200000b,50000s
{C:/Program Files/MiKTeX 2.9/fonts/enc/dvips/lm/lm-mathsy.enc}{C:/Program Fil
es/MiKTeX 2.9/fonts/enc/dvips/lm/lm-ec.enc}{C:/Program Files/MiKTeX 2.9/fonts/e
nc/dvips/lm/lm-rm.enc}{C:/Program Files/MiKTeX 2.9/fonts/enc/dvips/lm/lm-mathex
.enc}<C:/Program Files/MiKTeX 2.9/fonts/type1/public/lm/lmex10.pfb><C:/Program 
Files/MiKTeX 2.9/fonts/type1/public/lm/lmr10.pfb><C:/Program Files/MiKTeX 2.9/f
onts/type1/public/lm/lmr12.pfb><C:/Program Files/MiKTeX 2.9/fonts/type1/public/
lm/lmr5.pfb><C:/Program Files/MiKTeX 2.9/fonts/type1/public/lm/lmr7.pfb><C:/Pro
gram Files/MiKTeX 2.9/fonts/type1/public/lm/lmri10.pfb><C:/Program Files/MiKTeX
 2.9/fonts/type1/public/lm/lmri7.pfb><C:/Program Files/MiKTeX 2.9/fonts/type1/p
ublic/lm/lmss9.pfb><C:/Program Files/MiKTeX 2.9/fonts/type1/public/lm/lmssbx10.
pfb><C:/Program Files/MiKTeX 2.9/fonts/type1/public/lm/lmsso9.pfb><C:/Program F
iles/MiKTeX 2.9/fonts/type1/public/lm/lmsy10.pfb><C:/Program Files/MiKTeX 2.9/f
onts/type1/public/lm/lmsy7.pfb><C:/Program Files/MiKTeX 2.9/fonts/type1/public/
lm/lmtk10.pfb><C:/Program Files/MiKTeX 2.9/fonts/type1/public/lm/lmtt10.pfb><C:
/Program Files/MiKTeX 2.9/fonts/type1/public/lm/lmtt8.pfb><C:/Program Files/MiK
TeX 2.9/fonts/type1/public/amsfonts/symbols/msbm10.pfb><C:/Program Files/MiKTeX
 2.9/fonts/type1/public/xypic/xyatip10.pfb><C:/Program Files/MiKTeX 2.9/fonts/t
ype1/public/xypic/xybtip10.pfb>
Output written on Dokumentation.pdf (7 pages, 366590 bytes).
PDF statistics:
 275 PDF objects out of 1000 (max. 8388607)
 76 named destinations out of 1000 (max. 500000)
 82 words of extra memory for PDF output out of 10000 (max. 10000000)

